TOTALS
Test files: run 488/492, failed 160, skipped 24, resource_denied 4, passed 300
Test cases: run 28491, failed 612, skipped 1426, passed 27879
Unique FAIL/ERROR test cases captured: 577

FAILURES BY EXCEPTION (exact test case ids)

AssertionError (532)
- test.test_audit.AuditTest.test_basic.test_basic
- test.test_audit.AuditTest.test_block_add_hook.test_block_add_hook
- test.test_audit.AuditTest.test_block_add_hook_baseexception.test_block_add_hook_baseexception
- test.test_audit.AuditTest.test_cantrace.test_cantrace
- test.test_audit.AuditTest.test_excepthook.test_excepthook
- test.test_audit.AuditTest.test_gc.test_gc
- test.test_audit.AuditTest.test_marshal.test_marshal
- test.test_audit.AuditTest.test_mmap.test_mmap
- test.test_audit.AuditTest.test_monkeypatch.test_monkeypatch
- test.test_audit.AuditTest.test_not_in_gc.test_not_in_gc
- test.test_audit.AuditTest.test_open.test_open
- test.test_audit.AuditTest.test_pickle.test_pickle
- test.test_audit.AuditTest.test_socket.test_socket
- test.test_audit.AuditTest.test_sys_getframe.test_sys_getframe
- test.test_audit.AuditTest.test_sys_getframemodulename.test_sys_getframemodulename
- test.test_audit.AuditTest.test_sys_monitoring_register_callback.test_sys_monitoring_register_callback
- test.test_audit.AuditTest.test_syslog.test_syslog
- test.test_audit.AuditTest.test_threading.test_threading
- test.test_audit.AuditTest.test_unraisablehook.test_unraisablehook
- test.test_bdb.StateTestCase.test_skip.test_skip
- test.test_c_locale_coercion.LocaleCoercionTests.test_PYTHONCOERCECLOCALE_not_set.test_PYTHONCOERCECLOCALE_not_set
- test.test_c_locale_coercion.LocaleCoercionTests.test_PYTHONCOERCECLOCALE_not_zero.test_PYTHONCOERCECLOCALE_not_zero
- test.test_c_locale_coercion.LocaleCoercionTests.test_PYTHONCOERCECLOCALE_set_to_one.test_PYTHONCOERCECLOCALE_set_to_one
- test.test_c_locale_coercion.LocaleCoercionTests.test_PYTHONCOERCECLOCALE_set_to_warn.test_PYTHONCOERCECLOCALE_set_to_warn
- test.test_code.CodeTest.test_code_hash_uses_bytecode.test_code_hash_uses_bytecode
- test.test_compile.TestSourcePositions.test_return_in_with_positions.test_return_in_with_positions
- test.test_compile.TestSpecifics.test_consts_in_conditionals.test_consts_in_conditionals
- test.test_compile.TestSpecifics.test_dont_merge_constants.test_dont_merge_constants
- test.test_compile.TestSpecifics.test_line_number_genexp.test_line_number_genexp
- test.test_compile.TestSpecifics.test_line_number_implicit_return_after_async_for.test_line_number_implicit_return_after_async_for
- test.test_compile.TestSpecifics.test_lineno_attribute.test_lineno_attribute
- test.test_compile.TestSpecifics.test_lineno_procedure_call.test_lineno_procedure_call
- test.test_compile.TestSpecifics.test_mangling.test_mangling
- test.test_compile.TestSpecifics.test_merge_constants.test_merge_constants
- test.test_compile.TestSpecifics.test_uses_slice_instructions.test_uses_slice_instructions
- test.test_contextlib.ContextManagerTestCase.test_contextmanager_traceback.test_contextmanager_traceback
- test.test_contextlib.TestExitStack.test_exit_exception_traceback.test_exit_exception_traceback
- test.test_contextlib_async.AsyncContextManagerTestCase.test_contextmanager_traceback.test_contextmanager_traceback
- test.test_contextlib_async.TestAsyncExitStack.test_exit_exception_traceback.test_exit_exception_traceback
- test.test_coroutines.OriginTrackingTest.test_origin_tracking.test_origin_tracking
- test.test_coroutines.OriginTrackingTest.test_origin_tracking_warning.test_origin_tracking_warning
- test.test_cprofile.CProfileTest.test_cprofile.test_cprofile
- test.test_descr.ClassPropertiesAndMethods.test_slots_special2.test_slots_special2
- test.test_descr.ClassPropertiesAndMethods.test_special_method_lookup.test_special_method_lookup
- test.test_descr.DictProxyTests.test_iter_items.test_iter_items
- test.test_descr.DictProxyTests.test_iter_keys.test_iter_keys
- test.test_descr.DictProxyTests.test_iter_values.test_iter_values
- test.test_dictcomps.DictComprehensionTest.test_exception_locations.test_exception_locations
- test.test_dis.BytecodeTests.test_explicit_first_line.test_explicit_first_line
- test.test_dis.BytecodeTests.test_from_traceback_dis.test_from_traceback_dis
- test.test_dis.BytecodeTests.test_info.test_info
- test.test_dis.CodeInfoTests.test_code_info.test_code_info
- test.test_dis.CodeInfoTests.test_show_code.test_show_code
- test.test_dis.DisTests.test_big_linenos.test_big_linenos
- test.test_dis.DisTests.test_bug_1333982.test_bug_1333982
- test.test_dis.DisTests.test_bug_708901.test_bug_708901
- test.test_dis.DisTests.test_disassemble_asyncwith.test_disassemble_asyncwith
- test.test_dis.DisTests.test_disassemble_class.test_disassemble_class
- test.test_dis.DisTests.test_disassemble_class_method.test_disassemble_class_method
- test.test_dis.DisTests.test_disassemble_fstring.test_disassemble_fstring
- test.test_dis.DisTests.test_disassemble_instance_method.test_disassemble_instance_method
- test.test_dis.DisTests.test_disassemble_instance_method_bytes.test_disassemble_instance_method_bytes
- test.test_dis.DisTests.test_disassemble_recursive.test_disassemble_recursive
- test.test_dis.DisTests.test_disassemble_static_method.test_disassemble_static_method
- test.test_dis.DisTests.test_disassemble_with.test_disassemble_with
- test.test_dis.DisTests.test_extended_arg_quick.test_extended_arg_quick
- test.test_dis.DisTests.test_loop_quicken.test_loop_quicken
- test.test_dis.DisTests.test_show_caches.test_show_caches
- test.test_dis.DisTests.test_super_instructions.test_super_instructions
- test.test_dis.DisWithFileTests.test_big_linenos.test_big_linenos
- test.test_dis.DisWithFileTests.test_bug_1333982.test_bug_1333982
- test.test_dis.DisWithFileTests.test_bug_708901.test_bug_708901
- test.test_dis.DisWithFileTests.test_disassemble_asyncwith.test_disassemble_asyncwith
- test.test_dis.DisWithFileTests.test_disassemble_class.test_disassemble_class
- test.test_dis.DisWithFileTests.test_disassemble_class_method.test_disassemble_class_method
- test.test_dis.DisWithFileTests.test_disassemble_fstring.test_disassemble_fstring
- test.test_dis.DisWithFileTests.test_disassemble_instance_method.test_disassemble_instance_method
- test.test_dis.DisWithFileTests.test_disassemble_instance_method_bytes.test_disassemble_instance_method_bytes
- test.test_dis.DisWithFileTests.test_disassemble_recursive.test_disassemble_recursive
- test.test_dis.DisWithFileTests.test_disassemble_static_method.test_disassemble_static_method
- test.test_dis.DisWithFileTests.test_disassemble_with.test_disassemble_with
- test.test_dis.DisWithFileTests.test_extended_arg_quick.test_extended_arg_quick
- test.test_dis.DisWithFileTests.test_loop_quicken.test_loop_quicken
- test.test_dis.DisWithFileTests.test_show_caches.test_show_caches
- test.test_dis.DisWithFileTests.test_super_instructions.test_super_instructions
- test.test_dis.InstructionTests.test_default_first_line.test_default_first_line
- test.test_dis.InstructionTests.test_doubly_nested.test_doubly_nested
- test.test_dis.InstructionTests.test_first_line_set_to_None.test_first_line_set_to_None
- test.test_dis.InstructionTests.test_jumpy.test_jumpy
- test.test_dis.InstructionTests.test_nested.test_nested
- test.test_dis.InstructionTests.test_outer.test_outer
- test.test_dis.TestDisTraceback.test_distb_explicit_arg.test_distb_explicit_arg
- test.test_dis.TestDisTraceback.test_distb_last_traceback.test_distb_last_traceback
- test.test_dis.TestDisTracebackWithFile.test_distb_explicit_arg.test_distb_explicit_arg
- test.test_dis.TestDisTracebackWithFile.test_distb_last_traceback.test_distb_last_traceback
- test.test_dis.TestFinderMethods.test_findlabels.test_findlabels
- test.test_exception_group.ExceptionGroupFields.test_basics_ExceptionGroup_fields.test_basics_ExceptionGroup_fields
- test.test_exception_group.NestedExceptionGroupBasicsTest.test_iteration_full_tracebacks.test_iteration_full_tracebacks
- test.test_exception_group.NestedExceptionGroupBasicsTest.test_nested_exception_group_tracebacks.test_nested_exception_group_tracebacks
- test.test_exceptions.ExceptionTests.test_unhandled.test_unhandled
- test.test_exceptions.PEP626Tests.test_lineno_after_other_except.test_lineno_after_other_except
- test.test_exceptions.PEP626Tests.test_lineno_after_raise_in_with_exit.test_lineno_after_raise_in_with_exit
- test.test_exceptions.PEP626Tests.test_lineno_after_with.test_lineno_after_with
- test.test_exceptions.PEP626Tests.test_lineno_in_named_except.test_lineno_in_named_except
- test.test_frame.ReprTest.test_repr.test_repr
- test.test_future_stmt.test_future.FutureTest.test_badfuture10.test_badfuture10
- test.test_future_stmt.test_future.FutureTest.test_badfuture4.test_badfuture4
- test.test_future_stmt.test_future.FutureTest.test_badfuture5.test_badfuture5
- test.test_future_stmt.test_future.FutureTest.test_badfuture6.test_badfuture6
- test.test_future_stmt.test_future.FutureTest.test_badfuture7.test_badfuture7
- test.test_future_stmt.test_future.FutureTest.test_badfuture8.test_badfuture8
- test.test_future_stmt.test_future.FutureTest.test_badfuture9.test_badfuture9
- test.test_gettext.GNUTranslationsClassPluralFormsTestCase.test_plural_context_forms.test_plural_context_forms
- test.test_gettext.GNUTranslationsClassPluralFormsTestCase.test_plural_forms.test_plural_forms
- test.test_gettext.GNUTranslationsClassPluralFormsTestCase.test_plural_wrong_context_forms.test_plural_wrong_context_forms
- test.test_gettext.GNUTranslationsPluralFormsTestCase.test_plural_context_forms.test_plural_context_forms
- test.test_gettext.GNUTranslationsPluralFormsTestCase.test_plural_forms.test_plural_forms
- test.test_gettext.GNUTranslationsPluralFormsTestCase.test_plural_wrong_context_forms.test_plural_wrong_context_forms
- test.test_gettext.GNUTranslationsWithDomainPluralFormsTestCase.test_plural_context_forms.test_plural_context_forms
- test.test_gettext.GNUTranslationsWithDomainPluralFormsTestCase.test_plural_forms.test_plural_forms
- test.test_gettext.GNUTranslationsWithDomainPluralFormsTestCase.test_plural_wrong_context_forms.test_plural_wrong_context_forms
- test.test_io.APIMismatchTest.test_RawIOBase_io_in_pyio_match.test_RawIOBase_io_in_pyio_match
- test.test_io.PyMiscIOTest.test_check_encoding_warning.test_check_encoding_warning
- test.test_iter.TestCase.test_exception_locations.test_exception_locations
- test.test_listcomps.ListComprehensionTest.test_exception_locations.test_exception_locations
- test.test_monitoring.ExceptionMonitoringTest.test_implicit_stop_iteration.test_implicit_stop_iteration
- test.test_monitoring.LineMonitoringTest.test_lines_loop.test_lines_loop
- test.test_monitoring.LineMonitoringTest.test_lines_single.test_lines_single
- test.test_monitoring.LineMonitoringTest.test_lines_two.test_lines_two
- test.test_monitoring.MonitoringCountTest.test_c_return_count.test_c_return_count
- test.test_monitoring.MonitoringCountTest.test_call_count.test_call_count
- test.test_monitoring.MonitoringCountTest.test_resume_count.test_resume_count
- test.test_monitoring.MonitoringCountTest.test_return_count.test_return_count
- test.test_monitoring.MonitoringCountTest.test_start_count.test_start_count
- test.test_monitoring.MonitoringEventsTest.test_caught.test_caught
- test.test_monitoring.MonitoringEventsTest.test_just_call.test_just_call
- test.test_monitoring.MonitoringEventsTest.test_just_pass.test_just_pass
- test.test_monitoring.MonitoringEventsTest.test_just_raise.test_just_raise
- test.test_monitoring.MonitoringEventsTest.test_nested_call.test_nested_call
- test.test_monitoring.MontoringDisableAndRestartTest.test_disable.test_disable
- test.test_monitoring.MontoringDisableAndRestartTest.test_restart.test_restart
- test.test_monitoring.MultipleMonitorsTest.test_three_same.test_three_same
- test.test_monitoring.MultipleMonitorsTest.test_two_different.test_two_different
- test.test_monitoring.MultipleMonitorsTest.test_two_same.test_two_same
- test.test_monitoring.MultipleMonitorsTest.test_two_with_disable.test_two_with_disable
- test.test_monitoring.MultipleMonitorsTest.test_with_instruction_event.test_with_instruction_event
- test.test_monitoring.SimulateProfileTest.test_balanced.test_balanced
- test.test_monitoring.SimulateProfileTest.test_frame_stack.test_frame_stack
- test.test_monitoring.TestBranchAndJumpEvents.test_except_star.test_except_star
- test.test_monitoring.TestBranchAndJumpEvents.test_loop.test_loop
- test.test_monitoring.TestDisable.test_disable_illegal_events.test_disable_illegal_events
- test.test_monitoring.TestDisable.test_disable_legal_events.test_disable_legal_events
- test.test_monitoring.TestInstallIncrementally.test_call_then_instruction.test_call_then_instruction
- test.test_monitoring.TestInstallIncrementally.test_instruction_then_call.test_instruction_then_call
- test.test_monitoring.TestInstallIncrementally.test_instruction_then_line.test_instruction_then_line
- test.test_monitoring.TestInstallIncrementally.test_line_then_instruction.test_line_then_instruction
- test.test_monitoring.TestLineAndInstructionEvents.test_c_call.test_c_call
- test.test_monitoring.TestLineAndInstructionEvents.test_simple.test_simple
- test.test_monitoring.TestLineAndInstructionEvents.test_try_except.test_try_except
- test.test_monitoring.TestLineAndInstructionEvents.test_with_restart.test_with_restart
- test.test_monitoring.TestLoadSuperAttr.test_attr.test_attr
- test.test_monitoring.TestLoadSuperAttr.test_method_call.test_method_call
- test.test_monitoring.TestLoadSuperAttr.test_method_call_error.test_method_call_error
- test.test_monitoring.TestLoadSuperAttr.test_vs_other_type_call.test_vs_other_type_call
- test.test_monitoring.TestLocalEvents.test_c_call.test_c_call
- test.test_monitoring.TestLocalEvents.test_set_non_local_event.test_set_non_local_event
- test.test_monitoring.TestLocalEvents.test_simple.test_simple
- test.test_monitoring.TestLocalEvents.test_try_except.test_try_except
- test.test_monitoring.TestManyEvents.test_c_call.test_c_call
- test.test_monitoring.TestManyEvents.test_simple.test_simple
- test.test_monitoring.TestManyEvents.test_try_except.test_try_except
- test.test_monitoring.TestRegressions.test_105162.test_105162
- test.test_monitoring.TestRegressions.test_108390.test_108390
- test.test_monitoring.TestRegressions.test_call_function_ex.test_call_function_ex
- test.test_monitoring.TestRegressions.test_gh108976.test_gh108976
- test.test_monitoring.TestSetGetEvents.test_global.test_global
- test.test_monitoring.TestSetGetEvents.test_local.test_local
- test.test_opcodes.OpcodeTest.test_do_not_recreate_annotations.test_do_not_recreate_annotations
- test.test_patma.TestInheritance.test_late_registration_mapping.test_late_registration_mapping
- test.test_patma.TestInheritance.test_late_registration_sequence.test_late_registration_sequence
- test.test_patma.TestInheritance.test_multiple_inheritance_mapping.test_multiple_inheritance_mapping
- test.test_patma.TestInheritance.test_multiple_inheritance_sequence.test_multiple_inheritance_sequence
- test.test_patma.TestPatma.test_patma_029.test_patma_029
- test.test_patma.TestPatma.test_patma_056.test_patma_056
- test.test_patma.TestPatma.test_patma_057.test_patma_057
- test.test_patma.TestPatma.test_patma_204.test_patma_204
- test.test_patma.TestPatma.test_patma_205.test_patma_205
- test.test_patma.TestPatma.test_patma_206.test_patma_206
- test.test_patma.TestPatma.test_patma_207.test_patma_207
- test.test_patma.TestPatma.test_patma_208.test_patma_208
- test.test_patma.TestPatma.test_patma_209.test_patma_209
- test.test_patma.TestPatma.test_patma_210.test_patma_210
- test.test_patma.TestPatma.test_patma_211.test_patma_211
- test.test_patma.TestPatma.test_patma_212.test_patma_212
- test.test_patma.TestPatma.test_patma_213.test_patma_213
- test.test_patma.TestPatma.test_patma_214.test_patma_214
- test.test_patma.TestPatma.test_patma_215.test_patma_215
- test.test_patma.TestPatma.test_patma_216.test_patma_216
- test.test_patma.TestPatma.test_patma_217.test_patma_217
- test.test_patma.TestPatma.test_patma_218.test_patma_218
- test.test_patma.TestPatma.test_patma_219.test_patma_219
- test.test_patma.TestPatma.test_patma_220.test_patma_220
- test.test_patma.TestPatma.test_patma_221.test_patma_221
- test.test_patma.TestPatma.test_patma_246.test_patma_246
- test.test_patma.TestPatma.test_patma_247.test_patma_247
- test.test_patma.TestTracing.test_default_capture.test_default_capture
- test.test_patma.TestTracing.test_default_wildcard.test_default_wildcard
- test.test_patma.TestTracing.test_no_default.test_no_default
- test.test_patma.TestTracing.test_only_default_wildcard.test_only_default_wildcard
- test.test_patma.TestTracing.test_unreachable_code.test_unreachable_code
- test.test_patma.TestTypeErrors.test_accepts_positional_subpatterns_1.test_accepts_positional_subpatterns_1
- test.test_patma.TestTypeErrors.test_got_multiple_subpatterns_for_attribute_0.test_got_multiple_subpatterns_for_attribute_0
- test.test_patma.TestTypeErrors.test_got_multiple_subpatterns_for_attribute_1.test_got_multiple_subpatterns_for_attribute_1
- test.test_patma.TestTypeErrors.test_match_args_must_be_a_tuple_0.test_match_args_must_be_a_tuple_0
- test.test_patma.TestTypeErrors.test_match_args_must_be_a_tuple_1.test_match_args_must_be_a_tuple_1
- test.test_patma.TestTypeErrors.test_match_args_must_be_a_tuple_2.test_match_args_must_be_a_tuple_2
- test.test_patma.TestValueErrors.test_mapping_pattern_checks_duplicate_key_1.test_mapping_pattern_checks_duplicate_key_1
- test.test_peepholer.TestTranforms.test_assignment_idiom_in_comprehensions.test_assignment_idiom_in_comprehensions
- test.test_peepholer.TestTranforms.test_elim_jump_to_uncond_jump3.test_elim_jump_to_uncond_jump3
- test.test_peepholer.TestTranforms.test_elim_jump_to_uncond_jump4.test_elim_jump_to_uncond_jump4
- test.test_peepholer.TestTranforms.test_unot.test_unot
- test.test_positional_only_arg.PositionalOnlyTestCase.test_annotations_constant_fold.test_annotations_constant_fold
- test.test_profile.ProfileTest.test_cprofile.test_cprofile
- test.test_setcomps.SetComprehensionTest.test_exception_locations.test_exception_locations
- test.test_source_encoding.MiscSourceEncodingTest.test_bad_coding.test_bad_coding
- test.test_source_encoding.MiscSourceEncodingTest.test_bad_coding2.test_bad_coding2
- test.test_ssl.BasicSocketTests.test_refcycle.test_refcycle
- test.test_subprocess.POSIXProcessTestCase.test_close_fds_when_max_fd_is_lowered.test_close_fds_when_max_fd_is_lowered
- test.test_subprocess.POSIXProcessTestCase.test_preexec_at_exit.test_preexec_at_exit
- test.test_subprocess.ProcessTestCase.test_stderr_redirect_with_no_stdout_redirect.test_stderr_redirect_with_no_stdout_redirect
- test.test_subprocess.ProcessTestCase.test_stdout_filedes_of_stdout.test_stdout_filedes_of_stdout
- test.test_subprocess.ProcessTestCase.test_stdout_none.test_stdout_none
- test.test_subprocess.ProcessTestCase.test_universal_newlines_communicate_encodings.test_universal_newlines_communicate_encodings
- test.test_subprocess.ProcessTestCaseNoPoll.test_stderr_redirect_with_no_stdout_redirect.test_stderr_redirect_with_no_stdout_redirect
- test.test_subprocess.ProcessTestCaseNoPoll.test_stdout_filedes_of_stdout.test_stdout_filedes_of_stdout
- test.test_subprocess.ProcessTestCaseNoPoll.test_stdout_none.test_stdout_none
- test.test_subprocess.ProcessTestCaseNoPoll.test_universal_newlines_communicate_encodings.test_universal_newlines_communicate_encodings
- test.test_subprocess.RunFuncTestCase.test_encoding_warning.test_encoding_warning
- test.test_support.TestSupport.test_optim_args_from_interpreter_flags.test_optim_args_from_interpreter_flags
- test.test_support.TestSupport.test_temp_dir__forked_child.test_temp_dir__forked_child
- test.test_sys.SysModuleTest.test_stdlib_dir.test_stdlib_dir
- test.test_sys_setprofile.ProfileHookTestCase.test_generator.test_generator
- test.test_sys_setprofile.ProfileHookTestCase.test_stop_iteration.test_stop_iteration
- test.test_sys_settrace.JumpTestCase.test_jump_backward_over_async_listcomp_v2.test_jump_backward_over_async_listcomp_v2
- test.test_sys_settrace.JumpTestCase.test_jump_backwards_into_while_block.test_jump_backwards_into_while_block
- test.test_sys_settrace.JumpTestCase.test_jump_extended_args_unpack_ex_tricky.test_jump_extended_args_unpack_ex_tricky
- test.test_sys_settrace.JumpTestCase.test_jump_forward_over_listcomp.test_jump_forward_over_listcomp
- test.test_sys_settrace.JumpTestCase.test_jump_is_none_backwards.test_jump_is_none_backwards
- test.test_sys_settrace.JumpTestCase.test_jump_is_none_forwards.test_jump_is_none_forwards
- test.test_sys_settrace.JumpTestCase.test_jump_is_not_none_backwards.test_jump_is_not_none_backwards
- test.test_sys_settrace.JumpTestCase.test_jump_out_of_async_for_block_backwards.test_jump_out_of_async_for_block_backwards
- test.test_sys_settrace.JumpTestCase.test_jump_out_of_block_backwards.test_jump_out_of_block_backwards
- test.test_sys_settrace.JumpTestCase.test_jump_out_of_complex_nested_blocks.test_jump_out_of_complex_nested_blocks
- test.test_sys_settrace.JumpTestCase.test_jump_out_of_qualified_except_block.test_jump_out_of_qualified_except_block
- test.test_sys_settrace.JumpTestCase.test_jump_over_try_except.test_jump_over_try_except
- test.test_sys_settrace.JumpTestCase.test_no_jump_backwards_into_async_for_block.test_no_jump_backwards_into_async_for_block
- test.test_sys_settrace.JumpTestCase.test_no_jump_from_call.test_no_jump_from_call
- test.test_sys_settrace.JumpTestCase.test_no_jump_into_async_for_block_before_else.test_no_jump_into_async_for_block_before_else
- test.test_sys_settrace.JumpTestCase.test_no_jump_into_for_block_before_else.test_no_jump_into_for_block_before_else
- test.test_sys_settrace.SkipLineEventsTraceTestCase.test_05_no_pop_tops.test_05_no_pop_tops
- test.test_sys_settrace.SkipLineEventsTraceTestCase.test_06_call.test_06_call
- test.test_sys_settrace.SkipLineEventsTraceTestCase.test_07_raise.test_07_raise
- test.test_sys_settrace.SkipLineEventsTraceTestCase.test_09_settrace_and_raise.test_09_settrace_and_raise
- test.test_sys_settrace.SkipLineEventsTraceTestCase.test_10_ireturn.test_10_ireturn
- test.test_sys_settrace.SkipLineEventsTraceTestCase.test_11_tightloop.test_11_tightloop
- test.test_sys_settrace.SkipLineEventsTraceTestCase.test_12_tighterloop.test_12_tighterloop
- test.test_sys_settrace.SkipLineEventsTraceTestCase.test_13_genexp.test_13_genexp
- test.test_sys_settrace.SkipLineEventsTraceTestCase.test_14_onliner_if.test_14_onliner_if
- test.test_sys_settrace.SkipLineEventsTraceTestCase.test_15_loops.test_15_loops
- test.test_sys_settrace.SkipLineEventsTraceTestCase.test_18_except_with_name.test_18_except_with_name
- test.test_sys_settrace.SkipLineEventsTraceTestCase.test_19_except_with_finally.test_19_except_with_finally
- test.test_sys_settrace.SkipLineEventsTraceTestCase.test_20_async_for_loop.test_20_async_for_loop
- test.test_sys_settrace.SkipLineEventsTraceTestCase.test_21_repeated_pass.test_21_repeated_pass
- test.test_sys_settrace.SkipLineEventsTraceTestCase.test_async_for_backwards_jump_has_no_line.test_async_for_backwards_jump_has_no_line
- test.test_sys_settrace.SkipLineEventsTraceTestCase.test_break_through_finally.test_break_through_finally
- test.test_sys_settrace.SkipLineEventsTraceTestCase.test_class_creation_with_decorator.test_class_creation_with_decorator
- test.test_sys_settrace.SkipLineEventsTraceTestCase.test_class_creation_with_docstrings.test_class_creation_with_docstrings
- test.test_sys_settrace.SkipLineEventsTraceTestCase.test_continue_through_finally.test_continue_through_finally
- test.test_sys_settrace.SkipLineEventsTraceTestCase.test_early_exit_with.test_early_exit_with
- test.test_sys_settrace.SkipLineEventsTraceTestCase.test_flow_converges_on_same_line.test_flow_converges_on_same_line
- test.test_sys_settrace.SkipLineEventsTraceTestCase.test_if_false_in_with.test_if_false_in_with
- test.test_sys_settrace.SkipLineEventsTraceTestCase.test_implicit_return_in_class.test_implicit_return_in_class
- test.test_sys_settrace.SkipLineEventsTraceTestCase.test_loop_in_try_except.test_loop_in_try_except
- test.test_sys_settrace.SkipLineEventsTraceTestCase.test_nested_ifs.test_nested_ifs
- test.test_sys_settrace.SkipLineEventsTraceTestCase.test_nested_loops.test_nested_loops
- test.test_sys_settrace.SkipLineEventsTraceTestCase.test_nested_try_if.test_nested_try_if
- test.test_sys_settrace.SkipLineEventsTraceTestCase.test_no_line_event_after_creating_generator.test_no_line_event_after_creating_generator
- test.test_sys_settrace.SkipLineEventsTraceTestCase.test_no_tracing_of_named_except_cleanup.test_no_tracing_of_named_except_cleanup
- test.test_sys_settrace.SkipLineEventsTraceTestCase.test_notrace_lambda.test_notrace_lambda
- test.test_sys_settrace.SkipLineEventsTraceTestCase.test_tracing_exception_raised_in_with.test_tracing_exception_raised_in_with
- test.test_sys_settrace.SkipLineEventsTraceTestCase.test_try_except_no_exception.test_try_except_no_exception
- test.test_sys_settrace.SkipLineEventsTraceTestCase.test_try_except_star_exception_not_caught.test_try_except_star_exception_not_caught
- test.test_sys_settrace.SkipLineEventsTraceTestCase.test_try_except_star_named_exception_not_caught.test_try_except_star_named_exception_not_caught
- test.test_sys_settrace.SkipLineEventsTraceTestCase.test_try_except_star_nested.test_try_except_star_nested
- test.test_sys_settrace.SkipLineEventsTraceTestCase.test_try_except_star_no_exception.test_try_except_star_no_exception
- test.test_sys_settrace.SkipLineEventsTraceTestCase.test_try_except_with_wrong_type.test_try_except_with_wrong_type
- test.test_sys_settrace.SkipLineEventsTraceTestCase.test_try_in_try_with_exception.test_try_in_try_with_exception
- test.test_sys_settrace.TestLinesAfterTraceStarted.test_05_no_pop_tops.test_05_no_pop_tops
- test.test_sys_settrace.TestLinesAfterTraceStarted.test_06_call.test_06_call
- test.test_sys_settrace.TestLinesAfterTraceStarted.test_07_raise.test_07_raise
- test.test_sys_settrace.TestLinesAfterTraceStarted.test_09_settrace_and_raise.test_09_settrace_and_raise
- test.test_sys_settrace.TestLinesAfterTraceStarted.test_10_ireturn.test_10_ireturn
- test.test_sys_settrace.TestLinesAfterTraceStarted.test_11_tightloop.test_11_tightloop
- test.test_sys_settrace.TestLinesAfterTraceStarted.test_12_tighterloop.test_12_tighterloop
- test.test_sys_settrace.TestLinesAfterTraceStarted.test_13_genexp.test_13_genexp
- test.test_sys_settrace.TestLinesAfterTraceStarted.test_14_onliner_if.test_14_onliner_if
- test.test_sys_settrace.TestLinesAfterTraceStarted.test_15_loops.test_15_loops
- test.test_sys_settrace.TestLinesAfterTraceStarted.test_18_except_with_name.test_18_except_with_name
- test.test_sys_settrace.TestLinesAfterTraceStarted.test_19_except_with_finally.test_19_except_with_finally
- test.test_sys_settrace.TestLinesAfterTraceStarted.test_20_async_for_loop.test_20_async_for_loop
- test.test_sys_settrace.TestLinesAfterTraceStarted.test_21_repeated_pass.test_21_repeated_pass
- test.test_sys_settrace.TestLinesAfterTraceStarted.test_async_for_backwards_jump_has_no_line.test_async_for_backwards_jump_has_no_line
- test.test_sys_settrace.TestLinesAfterTraceStarted.test_break_through_finally.test_break_through_finally
- test.test_sys_settrace.TestLinesAfterTraceStarted.test_class_creation_with_decorator.test_class_creation_with_decorator
- test.test_sys_settrace.TestLinesAfterTraceStarted.test_class_creation_with_docstrings.test_class_creation_with_docstrings
- test.test_sys_settrace.TestLinesAfterTraceStarted.test_continue_through_finally.test_continue_through_finally
- test.test_sys_settrace.TestLinesAfterTraceStarted.test_early_exit_with.test_early_exit_with
- test.test_sys_settrace.TestLinesAfterTraceStarted.test_flow_converges_on_same_line.test_flow_converges_on_same_line
- test.test_sys_settrace.TestLinesAfterTraceStarted.test_if_false_in_with.test_if_false_in_with
- test.test_sys_settrace.TestLinesAfterTraceStarted.test_implicit_return_in_class.test_implicit_return_in_class
- test.test_sys_settrace.TestLinesAfterTraceStarted.test_loop_in_try_except.test_loop_in_try_except
- test.test_sys_settrace.TestLinesAfterTraceStarted.test_nested_ifs.test_nested_ifs
- test.test_sys_settrace.TestLinesAfterTraceStarted.test_nested_loops.test_nested_loops
- test.test_sys_settrace.TestLinesAfterTraceStarted.test_nested_try_if.test_nested_try_if
- test.test_sys_settrace.TestLinesAfterTraceStarted.test_no_line_event_after_creating_generator.test_no_line_event_after_creating_generator
- test.test_sys_settrace.TestLinesAfterTraceStarted.test_no_tracing_of_named_except_cleanup.test_no_tracing_of_named_except_cleanup
- test.test_sys_settrace.TestLinesAfterTraceStarted.test_notrace_lambda.test_notrace_lambda
- test.test_sys_settrace.TestLinesAfterTraceStarted.test_tracing_exception_raised_in_with.test_tracing_exception_raised_in_with
- test.test_sys_settrace.TestLinesAfterTraceStarted.test_try_except_no_exception.test_try_except_no_exception
- test.test_sys_settrace.TestLinesAfterTraceStarted.test_try_except_star_exception_not_caught.test_try_except_star_exception_not_caught
- test.test_sys_settrace.TestLinesAfterTraceStarted.test_try_except_star_named_exception_not_caught.test_try_except_star_named_exception_not_caught
- test.test_sys_settrace.TestLinesAfterTraceStarted.test_try_except_star_nested.test_try_except_star_nested
- test.test_sys_settrace.TestLinesAfterTraceStarted.test_try_except_star_no_exception.test_try_except_star_no_exception
- test.test_sys_settrace.TestLinesAfterTraceStarted.test_try_except_with_wrong_type.test_try_except_with_wrong_type
- test.test_sys_settrace.TestLinesAfterTraceStarted.test_try_in_try_with_exception.test_try_in_try_with_exception
- test.test_sys_settrace.TestSetLocalTrace.test_05_no_pop_tops.test_05_no_pop_tops
- test.test_sys_settrace.TestSetLocalTrace.test_06_call.test_06_call
- test.test_sys_settrace.TestSetLocalTrace.test_07_raise.test_07_raise
- test.test_sys_settrace.TestSetLocalTrace.test_09_settrace_and_raise.test_09_settrace_and_raise
- test.test_sys_settrace.TestSetLocalTrace.test_10_ireturn.test_10_ireturn
- test.test_sys_settrace.TestSetLocalTrace.test_11_tightloop.test_11_tightloop
- test.test_sys_settrace.TestSetLocalTrace.test_12_tighterloop.test_12_tighterloop
- test.test_sys_settrace.TestSetLocalTrace.test_13_genexp.test_13_genexp
- test.test_sys_settrace.TestSetLocalTrace.test_14_onliner_if.test_14_onliner_if
- test.test_sys_settrace.TestSetLocalTrace.test_15_loops.test_15_loops
- test.test_sys_settrace.TestSetLocalTrace.test_18_except_with_name.test_18_except_with_name
- test.test_sys_settrace.TestSetLocalTrace.test_19_except_with_finally.test_19_except_with_finally
- test.test_sys_settrace.TestSetLocalTrace.test_20_async_for_loop.test_20_async_for_loop
- test.test_sys_settrace.TestSetLocalTrace.test_21_repeated_pass.test_21_repeated_pass
- test.test_sys_settrace.TestSetLocalTrace.test_async_for_backwards_jump_has_no_line.test_async_for_backwards_jump_has_no_line
- test.test_sys_settrace.TestSetLocalTrace.test_break_through_finally.test_break_through_finally
- test.test_sys_settrace.TestSetLocalTrace.test_class_creation_with_decorator.test_class_creation_with_decorator
- test.test_sys_settrace.TestSetLocalTrace.test_class_creation_with_docstrings.test_class_creation_with_docstrings
- test.test_sys_settrace.TestSetLocalTrace.test_continue_through_finally.test_continue_through_finally
- test.test_sys_settrace.TestSetLocalTrace.test_early_exit_with.test_early_exit_with
- test.test_sys_settrace.TestSetLocalTrace.test_flow_converges_on_same_line.test_flow_converges_on_same_line
- test.test_sys_settrace.TestSetLocalTrace.test_if_false_in_with.test_if_false_in_with
- test.test_sys_settrace.TestSetLocalTrace.test_implicit_return_in_class.test_implicit_return_in_class
- test.test_sys_settrace.TestSetLocalTrace.test_loop_in_try_except.test_loop_in_try_except
- test.test_sys_settrace.TestSetLocalTrace.test_nested_ifs.test_nested_ifs
- test.test_sys_settrace.TestSetLocalTrace.test_nested_loops.test_nested_loops
- test.test_sys_settrace.TestSetLocalTrace.test_nested_try_if.test_nested_try_if
- test.test_sys_settrace.TestSetLocalTrace.test_no_line_event_after_creating_generator.test_no_line_event_after_creating_generator
- test.test_sys_settrace.TestSetLocalTrace.test_no_tracing_of_named_except_cleanup.test_no_tracing_of_named_except_cleanup
- test.test_sys_settrace.TestSetLocalTrace.test_notrace_lambda.test_notrace_lambda
- test.test_sys_settrace.TestSetLocalTrace.test_tracing_exception_raised_in_with.test_tracing_exception_raised_in_with
- test.test_sys_settrace.TestSetLocalTrace.test_try_except_no_exception.test_try_except_no_exception
- test.test_sys_settrace.TestSetLocalTrace.test_try_except_star_exception_not_caught.test_try_except_star_exception_not_caught
- test.test_sys_settrace.TestSetLocalTrace.test_try_except_star_named_exception_not_caught.test_try_except_star_named_exception_not_caught
- test.test_sys_settrace.TestSetLocalTrace.test_try_except_star_nested.test_try_except_star_nested
- test.test_sys_settrace.TestSetLocalTrace.test_try_except_star_no_exception.test_try_except_star_no_exception
- test.test_sys_settrace.TestSetLocalTrace.test_try_except_with_wrong_type.test_try_except_with_wrong_type
- test.test_sys_settrace.TestSetLocalTrace.test_try_in_try_with_exception.test_try_in_try_with_exception
- test.test_sys_settrace.TestSetLocalTrace.test_with_branches.test_with_branches
- test.test_sys_settrace.TraceOpcodesTestCase.test_05_no_pop_tops.test_05_no_pop_tops
- test.test_sys_settrace.TraceOpcodesTestCase.test_06_call.test_06_call
- test.test_sys_settrace.TraceOpcodesTestCase.test_07_raise.test_07_raise
- test.test_sys_settrace.TraceOpcodesTestCase.test_09_settrace_and_raise.test_09_settrace_and_raise
- test.test_sys_settrace.TraceOpcodesTestCase.test_10_ireturn.test_10_ireturn
- test.test_sys_settrace.TraceOpcodesTestCase.test_11_tightloop.test_11_tightloop
- test.test_sys_settrace.TraceOpcodesTestCase.test_12_tighterloop.test_12_tighterloop
- test.test_sys_settrace.TraceOpcodesTestCase.test_13_genexp.test_13_genexp
- test.test_sys_settrace.TraceOpcodesTestCase.test_14_onliner_if.test_14_onliner_if
- test.test_sys_settrace.TraceOpcodesTestCase.test_15_loops.test_15_loops
- test.test_sys_settrace.TraceOpcodesTestCase.test_18_except_with_name.test_18_except_with_name
- test.test_sys_settrace.TraceOpcodesTestCase.test_19_except_with_finally.test_19_except_with_finally
- test.test_sys_settrace.TraceOpcodesTestCase.test_20_async_for_loop.test_20_async_for_loop
- test.test_sys_settrace.TraceOpcodesTestCase.test_21_repeated_pass.test_21_repeated_pass
- test.test_sys_settrace.TraceOpcodesTestCase.test_async_for_backwards_jump_has_no_line.test_async_for_backwards_jump_has_no_line
- test.test_sys_settrace.TraceOpcodesTestCase.test_break_through_finally.test_break_through_finally
- test.test_sys_settrace.TraceOpcodesTestCase.test_class_creation_with_decorator.test_class_creation_with_decorator
- test.test_sys_settrace.TraceOpcodesTestCase.test_class_creation_with_docstrings.test_class_creation_with_docstrings
- test.test_sys_settrace.TraceOpcodesTestCase.test_continue_through_finally.test_continue_through_finally
- test.test_sys_settrace.TraceOpcodesTestCase.test_early_exit_with.test_early_exit_with
- test.test_sys_settrace.TraceOpcodesTestCase.test_flow_converges_on_same_line.test_flow_converges_on_same_line
- test.test_sys_settrace.TraceOpcodesTestCase.test_if_false_in_with.test_if_false_in_with
- test.test_sys_settrace.TraceOpcodesTestCase.test_implicit_return_in_class.test_implicit_return_in_class
- test.test_sys_settrace.TraceOpcodesTestCase.test_loop_in_try_except.test_loop_in_try_except
- test.test_sys_settrace.TraceOpcodesTestCase.test_nested_ifs.test_nested_ifs
- test.test_sys_settrace.TraceOpcodesTestCase.test_nested_loops.test_nested_loops
- test.test_sys_settrace.TraceOpcodesTestCase.test_nested_try_if.test_nested_try_if
- test.test_sys_settrace.TraceOpcodesTestCase.test_no_line_event_after_creating_generator.test_no_line_event_after_creating_generator
- test.test_sys_settrace.TraceOpcodesTestCase.test_no_tracing_of_named_except_cleanup.test_no_tracing_of_named_except_cleanup
- test.test_sys_settrace.TraceOpcodesTestCase.test_notrace_lambda.test_notrace_lambda
- test.test_sys_settrace.TraceOpcodesTestCase.test_tracing_exception_raised_in_with.test_tracing_exception_raised_in_with
- test.test_sys_settrace.TraceOpcodesTestCase.test_try_except_no_exception.test_try_except_no_exception
- test.test_sys_settrace.TraceOpcodesTestCase.test_try_except_star_exception_not_caught.test_try_except_star_exception_not_caught
- test.test_sys_settrace.TraceOpcodesTestCase.test_try_except_star_named_exception_not_caught.test_try_except_star_named_exception_not_caught
- test.test_sys_settrace.TraceOpcodesTestCase.test_try_except_star_nested.test_try_except_star_nested
- test.test_sys_settrace.TraceOpcodesTestCase.test_try_except_star_no_exception.test_try_except_star_no_exception
- test.test_sys_settrace.TraceOpcodesTestCase.test_try_except_with_wrong_type.test_try_except_with_wrong_type
- test.test_sys_settrace.TraceOpcodesTestCase.test_try_in_try_with_exception.test_try_in_try_with_exception
- test.test_sys_settrace.TraceTestCase.test_05_no_pop_tops.test_05_no_pop_tops
- test.test_sys_settrace.TraceTestCase.test_06_call.test_06_call
- test.test_sys_settrace.TraceTestCase.test_07_raise.test_07_raise
- test.test_sys_settrace.TraceTestCase.test_09_settrace_and_raise.test_09_settrace_and_raise
- test.test_sys_settrace.TraceTestCase.test_10_ireturn.test_10_ireturn
- test.test_sys_settrace.TraceTestCase.test_11_tightloop.test_11_tightloop
- test.test_sys_settrace.TraceTestCase.test_12_tighterloop.test_12_tighterloop
- test.test_sys_settrace.TraceTestCase.test_13_genexp.test_13_genexp
- test.test_sys_settrace.TraceTestCase.test_14_onliner_if.test_14_onliner_if
- test.test_sys_settrace.TraceTestCase.test_15_loops.test_15_loops
- test.test_sys_settrace.TraceTestCase.test_18_except_with_name.test_18_except_with_name
- test.test_sys_settrace.TraceTestCase.test_19_except_with_finally.test_19_except_with_finally
- test.test_sys_settrace.TraceTestCase.test_20_async_for_loop.test_20_async_for_loop
- test.test_sys_settrace.TraceTestCase.test_21_repeated_pass.test_21_repeated_pass
- test.test_sys_settrace.TraceTestCase.test_async_for_backwards_jump_has_no_line.test_async_for_backwards_jump_has_no_line
- test.test_sys_settrace.TraceTestCase.test_break_through_finally.test_break_through_finally
- test.test_sys_settrace.TraceTestCase.test_class_creation_with_decorator.test_class_creation_with_decorator
- test.test_sys_settrace.TraceTestCase.test_class_creation_with_docstrings.test_class_creation_with_docstrings
- test.test_sys_settrace.TraceTestCase.test_continue_through_finally.test_continue_through_finally
- test.test_sys_settrace.TraceTestCase.test_early_exit_with.test_early_exit_with
- test.test_sys_settrace.TraceTestCase.test_flow_converges_on_same_line.test_flow_converges_on_same_line
- test.test_sys_settrace.TraceTestCase.test_if_false_in_with.test_if_false_in_with
- test.test_sys_settrace.TraceTestCase.test_implicit_return_in_class.test_implicit_return_in_class
- test.test_sys_settrace.TraceTestCase.test_loop_in_try_except.test_loop_in_try_except
- test.test_sys_settrace.TraceTestCase.test_nested_ifs.test_nested_ifs
- test.test_sys_settrace.TraceTestCase.test_nested_loops.test_nested_loops
- test.test_sys_settrace.TraceTestCase.test_nested_try_if.test_nested_try_if
- test.test_sys_settrace.TraceTestCase.test_no_line_event_after_creating_generator.test_no_line_event_after_creating_generator
- test.test_sys_settrace.TraceTestCase.test_no_tracing_of_named_except_cleanup.test_no_tracing_of_named_except_cleanup
- test.test_sys_settrace.TraceTestCase.test_notrace_lambda.test_notrace_lambda
- test.test_sys_settrace.TraceTestCase.test_tracing_exception_raised_in_with.test_tracing_exception_raised_in_with
- test.test_sys_settrace.TraceTestCase.test_try_except_no_exception.test_try_except_no_exception
- test.test_sys_settrace.TraceTestCase.test_try_except_star_exception_not_caught.test_try_except_star_exception_not_caught
- test.test_sys_settrace.TraceTestCase.test_try_except_star_named_exception_not_caught.test_try_except_star_named_exception_not_caught
- test.test_sys_settrace.TraceTestCase.test_try_except_star_nested.test_try_except_star_nested
- test.test_sys_settrace.TraceTestCase.test_try_except_star_no_exception.test_try_except_star_no_exception
- test.test_sys_settrace.TraceTestCase.test_try_except_with_wrong_type.test_try_except_with_wrong_type
- test.test_sys_settrace.TraceTestCase.test_try_in_try_with_exception.test_try_in_try_with_exception
- test.test_tabnanny.TestCommandLine.test_quiet_flag.test_quiet_flag
- test.test_tabnanny.TestCommandLine.test_verbose_mode.test_verbose_mode
- test.test_tabnanny.TestCommandLine.test_with_error_free_file.test_with_error_free_file
- test.test_tabnanny.TestCommandLine.test_with_errored_file.test_with_errored_file
- test.test_tarfile.CommandLineTest.test_bad_use.test_bad_use
- test.test_tarfile.CommandLineTest.test_create_command.test_create_command
- test.test_tarfile.CommandLineTest.test_create_command_compressed.test_create_command_compressed
- test.test_tarfile.CommandLineTest.test_create_command_dot_started_filename.test_create_command_dot_started_filename
- test.test_tarfile.CommandLineTest.test_create_command_dotless_filename.test_create_command_dotless_filename
- test.test_tarfile.CommandLineTest.test_create_command_verbose.test_create_command_verbose
- test.test_tarfile.CommandLineTest.test_extract_command.test_extract_command
- test.test_tarfile.CommandLineTest.test_extract_command_different_directory.test_extract_command_different_directory
- test.test_tarfile.CommandLineTest.test_extract_command_filter.test_extract_command_filter
- test.test_tarfile.CommandLineTest.test_extract_command_invalid_file.test_extract_command_invalid_file
- test.test_tarfile.CommandLineTest.test_extract_command_verbose.test_extract_command_verbose
- test.test_tarfile.CommandLineTest.test_list_command.test_list_command
- test.test_tarfile.CommandLineTest.test_list_command_invalid_file.test_list_command_invalid_file
- test.test_tarfile.CommandLineTest.test_list_command_verbose.test_list_command_verbose
- test.test_tarfile.CommandLineTest.test_test_command.test_test_command
- test.test_tarfile.CommandLineTest.test_test_command_invalid_file.test_test_command_invalid_file
- test.test_tarfile.CommandLineTest.test_test_command_verbose.test_test_command_verbose
- test.test_tempfile.TestMkstempInner.test_noinherit.test_noinherit
- test.test_tools.test_i18n.Test_pygettext.test_POT_Creation_Date.test_POT_Creation_Date
- test.test_tools.test_i18n.Test_pygettext.test_calls_in_fstring_with_keyword_args.test_calls_in_fstring_with_keyword_args
- test.test_tools.test_i18n.Test_pygettext.test_calls_in_fstring_with_multiple_args.test_calls_in_fstring_with_multiple_args
- test.test_tools.test_i18n.Test_pygettext.test_calls_in_fstring_with_partially_wrong_expression.test_calls_in_fstring_with_partially_wrong_expression
- test.test_tools.test_i18n.Test_pygettext.test_calls_in_fstrings.test_calls_in_fstrings
- test.test_tools.test_i18n.Test_pygettext.test_calls_in_fstrings_attribute.test_calls_in_fstrings_attribute
- test.test_tools.test_i18n.Test_pygettext.test_calls_in_fstrings_nested.test_calls_in_fstrings_nested
- test.test_tools.test_i18n.Test_pygettext.test_calls_in_fstrings_raw.test_calls_in_fstrings_raw
- test.test_tools.test_i18n.Test_pygettext.test_calls_in_fstrings_with_call_on_call.test_calls_in_fstrings_with_call_on_call
- test.test_tools.test_i18n.Test_pygettext.test_calls_in_fstrings_with_format.test_calls_in_fstrings_with_format
- test.test_tools.test_i18n.Test_pygettext.test_calls_in_fstrings_with_wrong_input_1.test_calls_in_fstrings_with_wrong_input_1
- test.test_tools.test_i18n.Test_pygettext.test_calls_in_fstrings_with_wrong_input_2.test_calls_in_fstrings_with_wrong_input_2
- test.test_tools.test_i18n.Test_pygettext.test_classdocstring.test_classdocstring
- test.test_tools.test_i18n.Test_pygettext.test_classdocstring_bytes.test_classdocstring_bytes
- test.test_tools.test_i18n.Test_pygettext.test_classdocstring_early_colon.test_classdocstring_early_colon
- test.test_tools.test_i18n.Test_pygettext.test_classdocstring_fstring.test_classdocstring_fstring
- test.test_tools.test_i18n.Test_pygettext.test_files_list.test_files_list
- test.test_tools.test_i18n.Test_pygettext.test_funcdocstring.test_funcdocstring
- test.test_tools.test_i18n.Test_pygettext.test_funcdocstring_annotated_args.test_funcdocstring_annotated_args
- test.test_tools.test_i18n.Test_pygettext.test_funcdocstring_annotated_return.test_funcdocstring_annotated_return
- test.test_tools.test_i18n.Test_pygettext.test_funcdocstring_bytes.test_funcdocstring_bytes
- test.test_tools.test_i18n.Test_pygettext.test_funcdocstring_defvalue_args.test_funcdocstring_defvalue_args
- test.test_tools.test_i18n.Test_pygettext.test_funcdocstring_fstring.test_funcdocstring_fstring
- test.test_tools.test_i18n.Test_pygettext.test_funcdocstring_multiple_funcs.test_funcdocstring_multiple_funcs
- test.test_tools.test_i18n.Test_pygettext.test_function_and_class_names.test_function_and_class_names
- test.test_tools.test_i18n.Test_pygettext.test_header.test_header
- test.test_tools.test_i18n.Test_pygettext.test_moduledocstring.test_moduledocstring
- test.test_tools.test_i18n.Test_pygettext.test_moduledocstring_bytes.test_moduledocstring_bytes
- test.test_tools.test_i18n.Test_pygettext.test_moduledocstring_fstring.test_moduledocstring_fstring
- test.test_tools.test_i18n.Test_pygettext.test_msgid.test_msgid
- test.test_tools.test_i18n.Test_pygettext.test_msgid_bytes.test_msgid_bytes
- test.test_tools.test_i18n.Test_pygettext.test_msgid_fstring.test_msgid_fstring
- test.test_tools.test_i18n.Test_pygettext.test_pygettext_output.test_pygettext_output
- test.test_tools.test_msgfmt.CLITest.test_help.test_help
- test.test_tools.test_msgfmt.CLITest.test_invalid_option.test_invalid_option
- test.test_tools.test_msgfmt.CLITest.test_no_input_file.test_no_input_file
- test.test_tools.test_msgfmt.CLITest.test_version.test_version
- test.test_tools.test_msgfmt.CompilationTest.test_compilation.test_compilation
- test.test_tools.test_msgfmt.CompilationTest.test_generic_syntax_error.test_generic_syntax_error
- test.test_tools.test_msgfmt.CompilationTest.test_indexed_msgstr_without_msgid_plural.test_indexed_msgstr_without_msgid_plural
- test.test_tools.test_msgfmt.CompilationTest.test_invalid_msgid_plural.test_invalid_msgid_plural
- test.test_tools.test_msgfmt.CompilationTest.test_plural_without_msgid_plural.test_plural_without_msgid_plural
- test.test_tools.test_reindent.ReindentTests.test_help.test_help
- test.test_tools.test_reindent.ReindentTests.test_noargs.test_noargs
- test.test_tools.test_reindent.ReindentTests.test_reindent_file_with_bad_encoding.test_reindent_file_with_bad_encoding
- test.test_trace.TestCommandLine.test_count_and_summary.test_count_and_summary
- test.test_trace.TestCommandLine.test_failures.test_failures
- test.test_trace.TestCommandLine.test_listfuncs_flag_success.test_listfuncs_flag_success
- test.test_trace.TestCommandLine.test_run_as_module.test_run_as_module
- test.test_trace.TestCommandLine.test_sys_argv_list.test_sys_argv_list
- test.test_trace.TestCoverage.test_issue9936.test_issue9936
- test.test_trace.TestCoverageCommandLineOutput.test_cover_files_written_no_highlight.test_cover_files_written_no_highlight
- test.test_trace.TestCoverageCommandLineOutput.test_cover_files_written_with_highlight.test_cover_files_written_with_highlight
- test.test_trace.TestFuncs.test_traced_decorated_function.test_traced_decorated_function
- test.test_trace.TestLineCounts.test_trace_func_generator.test_trace_func_generator
- test.test_trace.TestLineCounts.test_trace_list_comprehension.test_trace_list_comprehension
- test.test_trace.TestLineCounts.test_traced_decorated_function.test_traced_decorated_function
- test.test_trace.TestLineCounts.test_traced_func_importing.test_traced_func_importing
- test.test_trace.TestLineCounts.test_traced_func_loop.test_traced_func_loop
- test.test_trace.TestRunExecCounts.test_exec_counts.test_exec_counts

Unknown (13)
- test.test_subprocess.ProcessTestCase.test_issue8780.test_issue8780
- test.test_subprocess.ProcessTestCaseNoPoll.test_issue8780.test_issue8780
- test.test_sys_settrace.JumpTestCase.test_jump_across_with.test_jump_across_with
- test.test_sys_settrace.JumpTestCase.test_jump_backwards_out_of_with_block.test_jump_backwards_out_of_with_block
- test.test_sys_settrace.JumpTestCase.test_jump_forwards_into_while_block.test_jump_forwards_into_while_block
- test.test_sys_settrace.JumpTestCase.test_jump_forwards_out_of_with_block.test_jump_forwards_out_of_with_block
- test.test_sys_settrace.JumpTestCase.test_jump_is_not_none_forwards.test_jump_is_not_none_forwards
- test.test_sys_settrace.JumpTestCase.test_jump_out_of_with_block_within_finally_block.test_jump_out_of_with_block_within_finally_block
- test.test_sys_settrace.JumpTestCase.test_jump_out_of_with_block_within_for_block.test_jump_out_of_with_block_within_for_block
- test.test_sys_settrace.JumpTestCase.test_no_jump_backwards_into_for_block.test_no_jump_backwards_into_for_block
- test.test_sys_settrace.JumpTestCase.test_no_jump_backwards_into_with_block.test_no_jump_backwards_into_with_block
- test.test_sys_settrace.JumpTestCase.test_no_jump_forwards_into_for_block.test_no_jump_forwards_into_for_block
- test.test_sys_settrace.JumpTestCase.test_no_jump_forwards_into_with_block.test_no_jump_forwards_into_with_block

ValueError (11)
- test.test_sys_settrace.JumpTestCase.test_jump_backward_over_listcomp_v2.test_jump_backward_over_listcomp_v2
- test.test_sys_settrace.JumpTestCase.test_jump_between_with_blocks.test_jump_between_with_blocks
- test.test_sys_settrace.JumpTestCase.test_jump_out_of_async_for_block_forwards.test_jump_out_of_async_for_block_forwards
- test.test_sys_settrace.JumpTestCase.test_jump_out_of_async_with_block_within_with_block.test_jump_out_of_async_with_block_within_with_block
- test.test_sys_settrace.JumpTestCase.test_jump_out_of_block_forwards.test_jump_out_of_block_forwards
- test.test_sys_settrace.JumpTestCase.test_jump_out_of_with_assignment.test_jump_out_of_with_assignment
- test.test_sys_settrace.JumpTestCase.test_jump_out_of_with_block_within_with_block.test_jump_out_of_with_block_within_with_block
- test.test_sys_settrace.JumpTestCase.test_jump_over_for_block_before_else.test_jump_over_for_block_before_else
- test.test_sys_settrace.JumpTestCase.test_jump_with_null_on_stack_load_attr.test_jump_with_null_on_stack_load_attr
- test.test_sys_settrace.JumpTestCase.test_jump_with_null_on_stack_load_global.test_jump_with_null_on_stack_load_global
- test.test_sys_settrace.JumpTestCase.test_jump_with_null_on_stack_push_null.test_jump_with_null_on_stack_push_null

AttributeError (8)
- test.test_sys_settrace.JumpTestCase.test_jump_backwards_out_of_async_with_block.test_jump_backwards_out_of_async_with_block
- test.test_sys_settrace.JumpTestCase.test_jump_between_async_with_blocks.test_jump_between_async_with_blocks
- test.test_sys_settrace.JumpTestCase.test_jump_forward_over_async_listcomp.test_jump_forward_over_async_listcomp
- test.test_sys_settrace.JumpTestCase.test_jump_forwards_out_of_async_with_block.test_jump_forwards_out_of_async_with_block
- test.test_sys_settrace.JumpTestCase.test_jump_out_of_async_with_assignment.test_jump_out_of_async_with_assignment
- test.test_sys_settrace.JumpTestCase.test_jump_out_of_async_with_block_within_finally_block.test_jump_out_of_async_with_block_within_finally_block
- test.test_sys_settrace.JumpTestCase.test_jump_out_of_async_with_block_within_for_block.test_jump_out_of_async_with_block_within_for_block
- test.test_sys_settrace.JumpTestCase.test_no_jump_backwards_into_async_with_block.test_no_jump_backwards_into_async_with_block

TypeError (4)
- test.test_sys_settrace.JumpTestCase.test_jump_across_async_with.test_jump_across_async_with
- test.test_sys_settrace.JumpTestCase.test_jump_over_async_for_block_before_else.test_jump_over_async_for_block_before_else
- test.test_sys_settrace.JumpTestCase.test_no_jump_forwards_into_async_for_block.test_no_jump_forwards_into_async_for_block
- test.test_sys_settrace.JumpTestCase.test_no_jump_forwards_into_async_with_block.test_no_jump_forwards_into_async_with_block

ZeroDivisionError (3)
- test.test_sys_settrace.JumpTestCase.test_jump_between_except_blocks.test_jump_between_except_blocks
- test.test_sys_settrace.JumpTestCase.test_jump_between_except_blocks_2.test_jump_between_except_blocks_2
- test.test_sys_settrace.JumpTestCase.test_jump_from_except_to_finally.test_jump_from_except_to_finally

UnboundLocalError (2)
- test.test_patma.TestPatma.test_patma_009.test_patma_009
- test.test_patma.TestPatma.test_patma_085.test_patma_085

BrokenPipeError (1)
- test.test_httpservers.CGIHTTPServerTestCase.test_large_content_length_truncated.test_large_content_length_truncated

ConnectionResetError (1)
- test.test_ssl.ThreadedTests.test_wrong_cert_tls13.test_wrong_cert_tls13

RuntimeError (1)
- test.test_contextlib_async.AsyncContextManagerTestCase.test_contextmanager_except_stopiter.test_contextmanager_except_stopiter

UnicodeDecodeError (1)
- test.test_source_encoding.MiscSourceEncodingTest.test_import_encoded_module.test_import_encoded_module