Ran the CPython suite with full access and verbose output:
- Command: `set -o pipefail ./scripts/run_cpython_tests.sh --timeout 180 2>&1 | tee cpython_full_test_run.log`
- Result: FAILURE
- Totals: duration 18m 3s; tests run 37,414; failures 747; skipped 1,706; test files run 483/492; failed 103; env_changed 1; skipped 31; resource_denied 9
- Verbose details are in `cpython_full_test_run.log`

Failures (grouped by test file; first error shown, with count):
- test_ast: FAIL - ZeroDivisionError: division by zero (failures: 1)
- test_asyncio: ERROR - AssertionError: <class 'NoneType'> != <class 'asyncio.exceptions.CancelledError'> (failures: 5)
- test_bdb: FAIL - AssertionError: Wrong event type at expect_set item 2, got 'call' (failures: 1)
- test_capi: ERROR - NameError: name 'r' is not defined (failures: 11)
- test_code: FAIL - AssertionError: <code object _dp_lambda_52 at 0x7367318ec030, file "/home/adam/project/diet-python/cpython/Lib/test/test_code.py", line 524> == <code object _dp_lambda_52 at 0x736731af2f10, file "/home/adam/project/diet-python/cpython/Lib/test/test_code.py", line 524> (failures: 1)
- test_compile: FAIL - AssertionError: 2839 != 2852 (failures: 8)
- test_compileall: FAIL - AssertionError: True is not false (failures: 2)
- test_contextlib: ERROR - AttributeError: 'mycontext' object has no attribute '__enter__'. Did you mean: '__unter__'? (failures: 6)
- test_contextlib_async: FAIL - AssertionError: 2 != 1 (failures: 4)
- test_coroutines: FAIL - AssertionError: Tuples differ: (('/h[35 chars]n/Lib/test/test_coroutines.py', 5838, 'test_origin_tracking'),) != (('/h[35 chars]n/Lib/test/test_coroutines.py', 5833, 'test_origin_tracking'),) (failures: 2)
- test_cprofile: FAIL - AssertionError: (failures: 1)
- test_dataclasses: ERROR - NameError: name 'T_CV4' is not defined. Did you mean: 'T_CV2'? (failures: 7)
- test_descr: FAIL - AssertionError: 17581 != 17586 (failures: 6)
- test_dictcomps: FAIL - AssertionError: 412 != 398 (failures: 3)
- test_dis: FAIL - AssertionError: Lists differ: [Inst[460 chars] arg=8, argval=(3, 4), argrepr='(3, 4)', offse[4956 chars]one)] != [Inst[460 chars] arg=5, argval=(3, 4), argrepr='(3, 4)', offse[2932 chars]one)] (failures: 54)
- test_doctest: FAIL - AssertionError: Failed doctest test for test.test_doctest.test_doctest.test_DocTestFinder.basics (failures: 2)
- test_email: ERROR - TypeError: can only concatenate list (not "tuple") to list (failures: 465)
- test_except_star: FAIL - AssertionError: <traceback object at 0x7b1c7affecc0> != <traceback object at 0x7b1c7affe9c0> (failures: 2)
- test_exception_group: FAIL - AssertionError: 559 != 484 (failures: 3)
- test_frame: FAIL - AssertionError: Regex didn't match: "^<frame at 0x[0-9a-fA-F]+, file '/home/adam/project/diet\\-python/cpython/Lib/test/test_frame\\.py', line 484, code test_repr>$" not found in "<frame at 0x74663821c180, file '/home/adam/project/diet-python/cpython/Lib/test/test_frame.py', line 504, code test_repr>" (failures: 1)
- test_funcattrs: FAIL - AssertionError: 'global_function.<locals>.inner_function.<locals>.inner_global_function' != 'inner_global_function' (failures: 1)
- test_future_stmt: FAIL - AssertionError: 'badsyntax_future10.py, line 3' not found in 'from __future__ imports must occur at the beginning of the file (badsyntax_future10.py, line 4)' (failures: 7)
- test_gc: FAIL - AssertionError: 10 != 0 (failures: 2)
- test_generators: ERROR - AttributeError: 'NoneType' object has no attribute 'args' (failures: 2)
- test_gettext: FAIL - AssertionError: 484 != 483 (failures: 9)
- test_import: FAIL - AssertionError: Process return code is 1 (failures: 2)
- test_importlib: FAIL - AssertionError: {'filename': '/home/adam/project/diet-pytho[72 chars]o__'} != {'origname': '__hello__', 'filename': '/hom[48 chars].py'} (failures: 25)
- test_inspect: ERROR - OSError: could not find class definition (failures: 50)
- test_io: FAIL - AssertionError: Items in the first set but not the second: (failures: 2)
- test_iter: FAIL - AssertionError: 'enIter(init_raises=True))' != 'BrokenIter(init_raises=True)' (failures: 4)
- test_listcomps: FAIL - AssertionError: <__dp__._ClassCell object at 0x7e3c0f1cacb0> is not <class 'test.test_listcomps.ListComprehensionTest.test_class_scope_free_var_with_class_cell.<locals>.C'> (failures: 4)
- test_monitoring: FAIL - AssertionError: Lists differ: [] != [('raise', <class 'StopIteration'>)] (failures: 53)
- test_multiprocessing_fork: FAIL - AssertionError: 'raise RuntimeError(123) # some comment' not found in '\n"""\nTraceback (most recent call last):\n  File "/home/adam/project/diet-python/cpython/Lib/multiprocessing/pool.py", line 163, in worker\n    result = True, func(*args, **kwds)\n                   ^^^^^^^^^^^^^^^^^^^\n  File "/home/adam/project/diet-python/cpython/Lib/test/_test_multiprocessing.py", line 4721, in _test_traceback\n    raise RuntimeError(123)\nRuntimeError: 123\n"""' (failures: 2)
- test_name_cleanup: FAIL - AssertionError: Items in the first set but not the second: (failures: 1)
- test_named_expressions: ERROR - UnboundLocalError: cannot access local variable 'a' where it is not associated with a value (failures: 15)
- test_nntplib: FAIL - AssertionError: {'VERSION': ('2', '3'), 'IMPLEMENTATION': ('INN', '2.[166 chars]: ()} != {'VERSION': ['2', '3'], 'IMPLEMENTATION': ['INN', '2.[165 chars]: []} (failures: 1)
- test_opcodes: FAIL - AssertionError: NameError not raised (failures: 1)
- test_operator: ERROR - AttributeError: 'str' object has no attribute '__module__'. Did you mean: '__mod__'? (failures: 2)
- test_patma: ERROR - UnboundLocalError: cannot access local variable 'x' where it is not associated with a value (failures: 41)
- test_peepholer: FAIL - AssertionError: 0 != 1 (failures: 4)
- test_positional_only_arg: FAIL - AssertionError: ('IS_OP', 1) not found in [('RESUME', 0), ('LOAD_GLOBAL', '__dp__'), ('LOAD_ATTR', 'is_'), ('LOAD_GLOBAL', 'int'), ('LOAD_GLOBAL', 'int'), ('CALL', 2), ('STORE_FAST', '_dp_tmp_140'), ('LOAD_CONST', 'x'), ('LOAD_GLOBAL', '__dp__'), ('LOAD_ATTR', 'not_'), ('LOAD_FAST', '_dp_tmp_140'), ('CALL', 1), ('BUILD_TUPLE', 2), ('LOAD_CONST', <code object _dp_fn_f at 0x7b9b9cc60ac0, file "/home/adam/project/diet-python/cpython/Lib/test/test_positional_only_arg.py", line 1151>), ('MAKE_FUNCTION', 4), ('STORE_FAST', '_dp_fn_f'), ('LOAD_GLOBAL', '__dp__'), ('LOAD_ATTR', 'update_fn'), ('LOAD_FAST', '_dp_fn_f'), ('LOAD_CONST', 'PositionalOnlyTestCase.test_annotations_constant_fold.<locals>.g.<locals>'), ('LOAD_CONST', 'f'), ('CALL', 3), ('STORE_FAST', 'f'), ('DELETE_FAST', '_dp_fn_f'), ('RETURN_CONST', None)] (failures: 1)
- test_profile: FAIL - AssertionError: (failures: 2)
- test_pydoc: ERROR - FileNotFoundError: [Errno 2] No such file or directory: '/home/adam/project/diet-python/cpython/Lib/__pycache__/os.cpython-312.pyc' (failures: 7)
- test_raise: FAIL - AssertionError: <traceback object at 0x7f1fcd543bc0> != <traceback object at 0x7f1fcd543dc0> (failures: 1)
- test_reprlib: ERROR - NameError: name 'T' is not defined (failures: 1)
- test_setcomps: FAIL - AssertionError: 39 != 25 (failures: 3)
- test_smtplib: ERROR - TypeError: can only concatenate list (not "tuple") to list (failures: 1)
- test_source_encoding: ERROR - UnicodeDecodeError: 'utf-8' codec can't decode byte 0xe9 in position 87: invalid continuation byte (failures: 3)
- test_ssl: ERROR - ConnectionResetError: [Errno 104] Connection reset by peer (failures: 2)
- test_support: ERROR - RecursionError: maximum recursion depth exceeded (failures: 2)
- test_sys: FAIL - AssertionError: '/home/adam/project/diet-python/cpython-install-3.12/lib/python3.12' != '/home/adam/project/diet-python/cpython/Lib' (failures: 1)
- test_sys_setprofile: FAIL - AssertionError: Expected events: (failures: 2)
- test_sys_settrace: ERROR - TypeError: 'NoneType' object is not subscriptable (failures: 243)
- test_tomllib: ERROR - multiple errors occurred (failures: 1)
- test_trace: FAIL - AssertionError: Tuples differ: (12, 100) != (5, 100) (failures: 8)
- test_tracemalloc: FAIL - AssertionError: <Trac[59 chars]hon/Lib/test/test_tracemalloc.py' lineno=181>,)> != <Trac[59 chars]hon/Lib/test/test_tracemalloc.py' lineno=180>,) total_nframe=1> (failures: 1)
- test_type_aliases: ERROR - NameError: name 'SimpleAlias' is not defined (failures: 12)
- test_type_params: ERROR - TypeError: type 'Base' is not subscriptable (failures: 16)
- test_types: FAIL - TypeError: argument of type 'NoneType' is not iterable (failures: 1)
- test_typing: ERROR - TypeError: type 'Immutable' is not subscriptable (failures: 14)
- test_utf8source: ERROR - UnicodeDecodeError: 'utf-8' codec can't decode byte 0xf6 in position 8: invalid start byte (failures: 1)
- test_venv: ERROR - FileExistsError: [Errno 17] File exists: '/tmp/test_python_0j4cz8zt/tmpne9go4wv/lib/python3.12/__phello__' (failures: 1)
- test_warnings: FAIL - AssertionError: Process return code is 1 (failures: 1)
- test_with: ERROR - AttributeError: 'LacksEnter' object has no attribute '__enter__'. Did you mean: '__ne__'? (failures: 7)
- test_yield_from: FAIL - AssertionError: None is not an instance of <class 'GeneratorExit'> (failures: 20)
- test_zoneinfo: FAIL - AssertionError: '/home/adam/project/diet-python/cpython/Lib/zoneinfo/__init__.py' != '/home/adam/project/diet-python/cpython/Lib/test/test_zoneinfo/test_zoneinfo.py' (failures: 2)
