test.test_asyncio.test_futures2.CFutureTests.test_future_traceback
  FAIL: test_future_traceback (test.test_asyncio.test_futures2.CFutureTests.test_future_traceback)
  TypeError: 42

test.test_asyncio.test_futures2.PyFutureTests.test_future_traceback
  FAIL: test_future_traceback (test.test_asyncio.test_futures2.PyFutureTests.test_future_traceback)
  TypeError: 42

test.test_asyncio.test_graph.TestCallStackC.test_stack_async_gen
  ERROR: test_stack_async_gen (test.test_asyncio.test_graph.TestCallStackC.test_stack_async_gen)
  AttributeError: 'generator' object has no attribute 'ag_code'. Did you mean: 'gi_code'?

test.test_asyncio.test_graph.TestCallStackPy.test_stack_async_gen
  ERROR: test_stack_async_gen (test.test_asyncio.test_graph.TestCallStackPy.test_stack_async_gen)
  AttributeError: 'generator' object has no attribute 'ag_code'. Did you mean: 'gi_code'?

test.test_asyncio.test_graph.TestCallStackC.test_stack_tgroup
  FAIL: test_stack_tgroup (test.test_asyncio.test_graph.TestCallStackC.test_stack_tgroup)
  AssertionError: Lists differ: ['T<c[56 chars] ['a asynccontextmanager_aexit', 'a main', 'a [249 chars]]]]]] != ['T<c[56 chars] ['a _aexit', 'a __aexit__', 'a main', 'a test[237 chars]]]]]]

test.test_asyncio.test_graph.TestCallStackPy.test_stack_tgroup
  FAIL: test_stack_tgroup (test.test_asyncio.test_graph.TestCallStackPy.test_stack_tgroup)
  AssertionError: Lists differ: ['T<c[56 chars] ['a asynccontextmanager_aexit', 'a main', 'a [249 chars]]]]]] != ['T<c[56 chars] ['a _aexit', 'a __aexit__', 'a main', 'a test[237 chars]]]]]]

test.test_asyncio.test_futures.CFutureTests.test_copy_state
  FAIL: test_copy_state (test.test_asyncio.test_futures.CFutureTests.test_copy_state)
  AssertionError: 0 != 1

test.test_asyncio.test_futures.CSubFutureTests.test_copy_state
  FAIL: test_copy_state (test.test_asyncio.test_futures.CSubFutureTests.test_copy_state)
  AssertionError: 0 != 1

test.test_asyncio.test_futures.PyFutureTests.test_copy_state
  FAIL: test_copy_state (test.test_asyncio.test_futures.PyFutureTests.test_copy_state)
  AssertionError: 0 != 1

test.test_asyncio.test_streams.StreamTests.test_unclosed_resource_warnings
  FAIL: test_unclosed_resource_warnings (test.test_asyncio.test_streams.StreamTests.test_unclosed_resource_warnings)
  AssertionError: 0 != 1

test.test_future_stmt.test_future.FutureTest.test_module_with_future_import_not_on_top
  FAIL: test_module_with_future_import_not_on_top (test.test_future_stmt.test_future.FutureTest.test_module_with_future_import_not_on_top)
  AssertionError: 'from[27 chars]cur at the beginning of the file (badsyntax_future.py, line 3)' != 'from[27 chars]cur at the beginning of the file (badsyntax_future.py, line 4)'

test.test_concurrent_futures.test_thread_pool.ThreadPoolExecutorTest.test_free_reference
  FAIL: test_free_reference (test.test_concurrent_futures.test_thread_pool.ThreadPoolExecutorTest.test_free_reference)
  AssertionError: timeout (30.3 seconds)

test.test_concurrent_futures.test_interpreter_pool.InterpreterPoolExecutorTest.test_thread_name_prefix_with_thread_get_name
  ERROR: test_thread_name_prefix_with_thread_get_name (test.test_concurrent_futures.test_interpreter_pool.InterpreterPoolExecutorTest.test_thread_name_prefix_with_thread_get_name)
  AttributeError: 'NoneType' object has no attribute 'gt'

test.test_inspect.test_inspect.TestBlockComments.test_class_async_method
  ERROR: test_class_async_method (test.test_inspect.test_inspect.TestBlockComments.test_class_async_method)
  OSError: lineno is out of bounds

test.test_inspect.test_inspect.TestBlockComments.test_class_method
  ERROR: test_class_method (test.test_inspect.test_inspect.TestBlockComments.test_class_method)
  OSError: lineno is out of bounds

test.test_inspect.test_inspect.TestBlockComments.test_toplevel_class
  ERROR: test_toplevel_class (test.test_inspect.test_inspect.TestBlockComments.test_toplevel_class)
  KeyError: '__firstlineno__'

test.test_inspect.test_inspect.TestBuggyCases.test_class_decorator
  ERROR: test_class_decorator (test.test_inspect.test_inspect.TestBuggyCases.test_class_decorator)
  KeyError: '__firstlineno__'

test.test_inspect.test_inspect.TestBuggyCases.test_class_definition_in_multiline_comment
  ERROR: test_class_definition_in_multiline_comment (test.test_inspect.test_inspect.TestBuggyCases.test_class_definition_in_multiline_comment)
  KeyError: '__firstlineno__'

test.test_inspect.test_inspect.TestBuggyCases.test_class_definition_in_multiline_string_definition
  ERROR: test_class_definition_in_multiline_string_definition (test.test_inspect.test_inspect.TestBuggyCases.test_class_definition_in_multiline_string_definition)
  KeyError: '__firstlineno__'

test.test_inspect.test_inspect.TestBuggyCases.test_class_definition_same_name_diff_methods
  ERROR: test_class_definition_same_name_diff_methods (test.test_inspect.test_inspect.TestBuggyCases.test_class_definition_same_name_diff_methods)
  KeyError: '__firstlineno__'

test.test_inspect.test_inspect.TestBuggyCases.test_class_inside_conditional
  ERROR: test_class_inside_conditional (test.test_inspect.test_inspect.TestBuggyCases.test_class_inside_conditional)
  KeyError: '__firstlineno__'

test.test_inspect.test_inspect.TestBuggyCases.test_comment_or_empty_line_after_decorator
  ERROR: test_comment_or_empty_line_after_decorator (test.test_inspect.test_inspect.TestBuggyCases.test_comment_or_empty_line_after_decorator)
  OSError: lineno is out of bounds

test.test_inspect.test_inspect.TestBuggyCases.test_generator_expression
  ERROR: test_generator_expression (test.test_inspect.test_inspect.TestBuggyCases.test_generator_expression)
  OSError: lineno is out of bounds

test.test_inspect.test_inspect.TestBuggyCases.test_getsource_on_class_code_object
  ERROR: test_getsource_on_class_code_object (test.test_inspect.test_inspect.TestBuggyCases.test_getsource_on_class_code_object)
  OSError: lineno is out of bounds

test.test_inspect.test_inspect.TestBuggyCases.test_multiple_children_classes
  ERROR: test_multiple_children_classes (test.test_inspect.test_inspect.TestBuggyCases.test_multiple_children_classes)
  KeyError: '__firstlineno__'

test.test_inspect.test_inspect.TestBuggyCases.test_nested_class_definition
  ERROR: test_nested_class_definition (test.test_inspect.test_inspect.TestBuggyCases.test_nested_class_definition)
  KeyError: '__firstlineno__'

test.test_inspect.test_inspect.TestBuggyCases.test_nested_class_definition_indented_string
  ERROR: test_nested_class_definition_indented_string (test.test_inspect.test_inspect.TestBuggyCases.test_nested_class_definition_indented_string)
  KeyError: '__firstlineno__'

test.test_inspect.test_inspect.TestBuggyCases.test_nested_class_definition_inside_async_function
  ERROR: test_nested_class_definition_inside_async_function (test.test_inspect.test_inspect.TestBuggyCases.test_nested_class_definition_inside_async_function)
  KeyError: '__firstlineno__'

test.test_inspect.test_inspect.TestBuggyCases.test_nested_class_definition_inside_function
  ERROR: test_nested_class_definition_inside_function (test.test_inspect.test_inspect.TestBuggyCases.test_nested_class_definition_inside_function)
  KeyError: '__firstlineno__'

test.test_inspect.test_inspect.TestComplexDecorator.test_parens_in_decorator
  ERROR: test_parens_in_decorator (test.test_inspect.test_inspect.TestComplexDecorator.test_parens_in_decorator)
  OSError: lineno is out of bounds

test.test_inspect.test_inspect.TestGetsourceStdlib.test_getsource_stdlib_decimal
  ERROR: test_getsource_stdlib_decimal (test.test_inspect.test_inspect.TestGetsourceStdlib.test_getsource_stdlib_decimal)
  KeyError: '__firstlineno__'

test.test_inspect.test_inspect.TestMain.test_qualname_source
  ERROR: test_qualname_source (test.test_inspect.test_inspect.TestMain.test_qualname_source)
  KeyError: '__firstlineno__'

test.test_inspect.test_inspect.TestNoEOL.test_class
  ERROR: test_class (test.test_inspect.test_inspect.TestNoEOL.test_class)
  KeyError: '__firstlineno__'

test.test_inspect.test_inspect.TestOneliners.test_dataclass
  ERROR: test_dataclass (test.test_inspect.test_inspect.TestOneliners.test_dataclass)
  KeyError: '__firstlineno__'

test.test_inspect.test_inspect.TestOneliners.test_enum
  ERROR: test_enum (test.test_inspect.test_inspect.TestOneliners.test_enum)
  KeyError: '__firstlineno__'

test.test_inspect.test_inspect.TestOneliners.test_namedtuple
  ERROR: test_namedtuple (test.test_inspect.test_inspect.TestOneliners.test_namedtuple)
  KeyError: '__firstlineno__'

test.test_inspect.test_inspect.TestOneliners.test_nested_lambda
  ERROR: test_nested_lambda (test.test_inspect.test_inspect.TestOneliners.test_nested_lambda)
  OSError: lineno is out of bounds

test.test_inspect.test_inspect.TestOneliners.test_parenthesized_multiline_lambda
  ERROR: test_parenthesized_multiline_lambda (test.test_inspect.test_inspect.TestOneliners.test_parenthesized_multiline_lambda)
  OSError: lineno is out of bounds

test.test_inspect.test_inspect.TestOneliners.test_post_line_parenthesized_lambda
  ERROR: test_post_line_parenthesized_lambda (test.test_inspect.test_inspect.TestOneliners.test_post_line_parenthesized_lambda)
  OSError: lineno is out of bounds

test.test_inspect.test_inspect.TestOneliners.test_typeddict
  ERROR: test_typeddict (test.test_inspect.test_inspect.TestOneliners.test_typeddict)
  KeyError: '__firstlineno__'

test.test_inspect.test_inspect.TestSignatureBind.test_signature_bind_implicit_arg
  ERROR: test_signature_bind_implicit_arg (test.test_inspect.test_inspect.TestSignatureBind.test_signature_bind_implicit_arg)
  NameError: name '__dp__' is not defined. Did you mean: '__doc__'?

test.test_inspect.test_inspect.TestBuggyCases.test_getsource_on_method
  FAIL: test_getsource_on_method (test.test_inspect.test_inspect.TestBuggyCases.test_getsource_on_method)
  AssertionError: '            pass\n' != '    def method(self):\n        pass\n'

test.test_inspect.test_inspect.TestBuggyCases.test_method_in_dynamic_class
  FAIL: test_method_in_dynamic_class (test.test_inspect.test_inspect.TestBuggyCases.test_method_in_dynamic_class)
  AssertionError: "\n# line 165\nclass cls166:\n    a = '''[39 chars]''\n" != '        def g():\n            "doc"\n   [16 chars]42\n'

test.test_inspect.test_inspect.TestBuggyCases.test_multiline_sig
  FAIL: test_multiline_sig (test.test_inspect.test_inspect.TestBuggyCases.test_multiline_sig)
  AssertionError: '\n#line 101\ndef keyworded(*arg1, arg2=1):\n    pass\n' != '    lambda x, \\\n            y: x+y,\n'

test.test_inspect.test_inspect.TestBuggyCases.test_nested_class
  FAIL: test_nested_class (test.test_inspect.test_inspect.TestBuggyCases.test_nested_class)
  AssertionError: '\n@wrap(lambda: None)\ndef func114():\n    return 115\n' != '        def func71():\n            pass\n'

test.test_inspect.test_inspect.TestBuggyCases.test_nested_func
  FAIL: test_nested_func (test.test_inspect.test_inspect.TestBuggyCases.test_nested_func)
  AssertionError: "            '''if clause cls239'''\n" != '    def func136():\n        def func137([56 chars]d2\n'

test.test_inspect.test_inspect.TestBuggyCases.test_one_liner_dedent_non_name
  FAIL: test_one_liner_dedent_non_name (test.test_inspect.test_inspect.TestBuggyCases.test_one_liner_dedent_non_name)
  AssertionError: '\n# line 141\nclass cls142:\n    a = """\nclass cls149:\n    ...\n"""\n' != '    def func83(): pass\n'

test.test_inspect.test_inspect.TestBuggyCases.test_one_liner_followed_by_non_name
  FAIL: test_one_liner_followed_by_non_name (test.test_inspect.test_inspect.TestBuggyCases.test_one_liner_followed_by_non_name)
  AssertionError: '    return fake\n' != 'def func77(): pass\n'

test.test_inspect.test_inspect.TestBuggyCases.test_with_comment
  FAIL: test_with_comment (test.test_inspect.test_inspect.TestBuggyCases.test_with_comment)
  AssertionError: '        def g():\n            "doc"\n            return 42\n' != 'def with_comment():  # hello\n    world\n'

test.test_inspect.test_inspect.TestBuggyCases.test_with_comment_instead_of_docstring
  FAIL: test_with_comment_instead_of_docstring (test.test_inspect.test_inspect.TestBuggyCases.test_with_comment_instead_of_docstring)
  AssertionError: "\n'''\nclass cls160:\n    pass\n'''\n" != 'def func88():\n    # comment\n    return 90\n'

test.test_inspect.test_inspect.TestDecorators.test_decorator_with_lambda
  FAIL: test_decorator_with_lambda (test.test_inspect.test_inspect.TestDecorators.test_decorator_with_lambda)
  AssertionError: '    class cls200:\n        pass\n' != '@wrap(lambda: None)\ndef func114():\n    return 115\n'

test.test_inspect.test_inspect.TestDecorators.test_getsource_unwrap
  FAIL: test_getsource_unwrap (test.test_inspect.test_inspect.TestDecorators.test_getsource_unwrap)
  AssertionError: 'class cls226:\n    async def func232(self[64 chars]33\n' != '@decorator\ndef real():\n    return 20\n'

test.test_inspect.test_inspect.TestDecorators.test_replacing_decorator
  FAIL: test_replacing_decorator (test.test_inspect.test_inspect.TestDecorators.test_replacing_decorator)
  AssertionError: '@wrap(wrap)\ndef wrapped():\n    pass\n' != "    def insteadfunc():\n        print('hello')\n"

test.test_inspect.test_inspect.TestDecorators.test_wrapped_decorator
  FAIL: test_wrapped_decorator (test.test_inspect.test_inspect.TestDecorators.test_wrapped_decorator)
  AssertionError: '# line 24\noll = lambda m: m\n' != '@wrap()\n@wrap(wrap)\ndef wrapped():\n    pass\n'

test.test_inspect.test_inspect.TestGetAsyncGenState.test_getasyncgenlocals
  FAIL: test_getasyncgenlocals (test.test_inspect.test_inspect.TestGetAsyncGenState.test_getasyncgenlocals)
  AssertionError: {'lst': [1, 2, 3], 'a': None, 'b': (1, 2, 3[109 chars]': 1} != {'a': None, 'lst': [1, 2, 3], 'v': 1, 'b': (1, 2, 3)}

test.test_inspect.test_inspect.TestGetClosureVars.test_attribute_same_name_as_global_var
  FAIL: test_attribute_same_name_as_global_var (test.test_inspect.test_inspect.TestGetClosureVars.test_attribute_same_name_as_global_var)
  AssertionError: Closu[14 chars]ls={'_dp_cell_C': <cell at 0x7d3ab3415a80: typ[246 chars]ef'}) != Closu[14 chars]ls={'C': <class 'test.test_inspect.test_inspec[201 chars]ef'})

test.test_inspect.test_inspect.TestGetClosureVars.test_generator_closure
  FAIL: test_generator_closure (test.test_inspect.test_inspect.TestGetClosureVars.test_generator_closure)
  AssertionError: Closu[14 chars]ls={'_dp_cell_nonlocal_ref': <cell at 0x7d3ab3[259 chars]ef'}) != Closu[14 chars]ls={'nonlocal_ref': <object object at 0x7d3ab4[136 chars]ef'})

test.test_inspect.test_inspect.TestGetClosureVars.test_method_closure
  FAIL: test_method_closure (test.test_inspect.test_inspect.TestGetClosureVars.test_method_closure)
  AssertionError: Closu[14 chars]ls={'_dp_cell_nonlocal_ref': <cell at 0x7d3ab3[259 chars]ef'}) != Closu[14 chars]ls={'nonlocal_ref': <object object at 0x7d3ab4[136 chars]ef'})

test.test_inspect.test_inspect.TestGetClosureVars.test_name_resolution
  FAIL: test_name_resolution (test.test_inspect.test_inspect.TestGetClosureVars.test_name_resolution)
  AssertionError: Closu[14 chars]ls={'_dp_cell_nonlocal_ref': <cell at 0x7d3ab3[259 chars]ef'}) != Closu[14 chars]ls={'nonlocal_ref': <object object at 0x7d3ab4[136 chars]ef'})

test.test_inspect.test_inspect.TestGetClosureVars.test_nonlocal_vars
  FAIL: test_nonlocal_vars (test.test_inspect.test_inspect.TestGetClosureVars.test_nonlocal_vars)
  AssertionError: {'_dp_cell_x': <cell at 0x7d3ab3414d90: int object at 0x5c2f7e4d17b8>} != {'x': 1}

test.test_inspect.test_inspect.TestGetCoroutineState.test_getcoroutinelocals
  FAIL: test_getcoroutinelocals (test.test_inspect.test_inspect.TestGetCoroutineState.test_getcoroutinelocals)
  AssertionError: {'a': None, '_dp_cell_gencoro': <cell at 0x7d3ab3414ee[34 chars]040>} != {'a': None, 'gencoro': <generator object TestGetCorout[64 chars]040>}

test.test_inspect.test_inspect.TestGetGeneratorState.test_getgeneratorlocals
  FAIL: test_getgeneratorlocals (test.test_inspect.test_inspect.TestGetGeneratorState.test_getgeneratorlocals)
  AssertionError: {'lst': [1, 2, 3], 'a': None, 'b': (1, 2, 3[109 chars]': 1} != {'a': None, 'lst': [1, 2, 3], 'v': 1, 'b': (1, 2, 3)}

test.test_inspect.test_inspect.TestInterpreterStack.test_stack
  FAIL: test_stack (test.test_inspect.test_inspect.TestInterpreterStack.test_stack)
  AssertionError: Tuples differ: ('/ho[61 chars]pect_fodder.py', 12, 'eggs', ['def eggs(x, y):\n'], 0) != ('/ho[61 chars]pect_fodder.py', 16, 'eggs', ['    st = inspect.stack()\n'], 0)

test.test_inspect.test_inspect.TestInterpreterStack.test_trace
  FAIL: test_trace (test.test_inspect.test_inspect.TestInterpreterStack.test_trace)
  AssertionError: Tuples differ: ('/ho[63 chars]ct_fodder.py', 32, 'argue', ['\\tdocstring\n'], 0) != ('/ho[63 chars]ct_fodder.py', 43, 'argue', ['            spam(a, b, c)\n'], 0)

test.test_inspect.test_inspect.TestOneliners.test_anonymous
  FAIL: test_anonymous (test.test_inspect.test_inspect.TestOneliners.test_anonymous)
  AssertionError: '    # comment\n    return 90\n' != 'setfunc(lambda x, y: x*y)\n'

test.test_inspect.test_inspect.TestOneliners.test_lambda_in_list
  FAIL: test_lambda_in_list (test.test_inspect.test_inspect.TestOneliners.test_lambda_in_list)
  AssertionError: "(extra78, stuff78) = 'xy'\n" != '     lambda x: x,\n'

test.test_inspect.test_inspect.TestOneliners.test_manyargs
  FAIL: test_manyargs (test.test_inspect.test_inspect.TestOneliners.test_manyargs)
  AssertionError: '    None,\n' != 'def manyargs(arg1, arg2,\narg3, arg4): pass\n'

test.test_inspect.test_inspect.TestOneliners.test_oneline_lambda
  FAIL: test_oneline_lambda (test.test_inspect.test_inspect.TestOneliners.test_oneline_lambda)
  AssertionError: '    d\n' != 'oll = lambda m: m\n'

test.test_inspect.test_inspect.TestOneliners.test_onelinefunc
  FAIL: test_onelinefunc (test.test_inspect.test_inspect.TestOneliners.test_onelinefunc)
  AssertionError: '\n# line 61\nmultiline_sig = [\n    lambd[44 chars] ]\n' != 'def onelinefunc(): pass\n'

test.test_inspect.test_inspect.TestOneliners.test_threeline_lambda
  FAIL: test_threeline_lambda (test.test_inspect.test_inspect.TestOneliners.test_threeline_lambda)
  AssertionError: 'def manyargs(arg1, arg2,\narg3, arg4): pass\n' != 'tll = lambda g: g and \\\ng and \\\ng\n'

test.test_inspect.test_inspect.TestOneliners.test_twoline_indented_lambda
  FAIL: test_twoline_indented_lambda (test.test_inspect.test_inspect.TestOneliners.test_twoline_indented_lambda)
  AssertionError: '\n# line 52\ndef setfunc(func):\n    globals()["anonymous"] = func\n' != 'tlli = lambda d: d and \\\n    d\n'

test.test_inspect.test_inspect.TestOneliners.test_twolinefunc
  FAIL: test_twolinefunc (test.test_inspect.test_inspect.TestOneliners.test_twolinefunc)
  AssertionError: '    class cls70:\n        def func71():\n            pass\n' != 'def twolinefunc(m): return m and \\\nm\n'

test.test_inspect.test_inspect.TestRetrievingSourceCode.test_getcomments
  FAIL: test_getcomments (test.test_inspect.test_inspect.TestRetrievingSourceCode.test_getcomments)
  AssertionError: None != '# line 20\n'

test.test_inspect.test_inspect.TestRetrievingSourceCode.test_getdoc
  FAIL: test_getdoc (test.test_inspect.test_inspect.TestRetrievingSourceCode.test_getdoc)
  AssertionError: None != 'A longer,\n\nindented\n\ndocstring.'

test.test_inspect.test_inspect.TestRetrievingSourceCode.test_getdoc_inherited
  FAIL: test_getdoc_inherited (test.test_inspect.test_inspect.TestRetrievingSourceCode.test_getdoc_inherited)
  AssertionError: None != 'A longer,\n\nindented\n\ndocstring.'

test.test_inspect.test_inspect.TestRetrievingSourceCode.test_getsource
  FAIL: test_getsource (test.test_inspect.test_inspect.TestRetrievingSourceCode.test_getsource)
  AssertionError: '\n    indented\n' != '    def abuse(self, a, b, c):\n        ""[102 chars]c)\n'

test.test_inspect.test_inspect.TestRetrievingSourceCode.test_getsource_on_code_object
  FAIL: test_getsource_on_code_object (test.test_inspect.test_inspect.TestRetrievingSourceCode.test_getsource_on_code_object)
  AssertionError: '    eggs(b + d, c + f)\n' != 'def eggs(x, y):\n    "A docstring."\n    [96 chars] 0\n'

test.test_inspect.test_inspect.TestSignatureDefinitions.test_base_class_have_text_signature
  FAIL: test_base_class_have_text_signature (test.test_inspect.test_inspect.TestSignatureDefinitions.test_base_class_have_text_signature)
  AssertionError: None != '(raw, buffer_size=DEFAULT_BUFFER_SIZE)'

test.test_inspect.test_inspect.TestSignatureObject.test_signature_eval_str
  FAIL: test_signature_eval_str (test.test_inspect.test_inspect.TestSignatureObject.test_signature_eval_str) (signature_func=<function signature at 0x7d3ab351a2a0>)
  AssertionError: <Signature (a: 'int', b: '"str"', c: 'MyClass') -> 'MyClass'> != <Signature (a: 'int', b: "'str'", c: 'MyClass') -> 'MyClass'>

test.test_inspect.test_inspect.TestSignatureObject.test_signature_eval_str
  FAIL: test_signature_eval_str (test.test_inspect.test_inspect.TestSignatureObject.test_signature_eval_str) (signature_func=<bound method Signature.from_callable of <class 'inspect.Signature'>>)
  AssertionError: <Signature (a: 'int', b: '"str"', c: 'MyClass') -> 'MyClass'> != <Signature (a: 'int', b: "'str'", c: 'MyClass') -> 'MyClass'>

test.test_multiprocessing_fork.test_threads.WithThreadsTestPool.test_release_task_refs
  FAIL: test_release_task_refs (test.test_multiprocessing_fork.test_threads.WithThreadsTestPool.test_release_task_refs)
  AssertionError: Items in the first set but not the second:

test.test_annotationlib.TestCallAnnotateFunction.test_user_annotate_string_fakeglobals
  ERROR: test_user_annotate_string_fakeglobals (test.test_annotationlib.TestCallAnnotateFunction.test_user_annotate_string_fakeglobals)
  ValueError

test.test_annotationlib.TestCallEvaluateFunction.test_evaluation
  ERROR: test_evaluation (test.test_annotationlib.TestCallEvaluateFunction.test_evaluation)

test.test_annotationlib.TestForwardRefClass.test_fwdref_evaluate_argument_mutation
  ERROR: test_fwdref_evaluate_argument_mutation (test.test_annotationlib.TestForwardRefClass.test_fwdref_evaluate_argument_mutation)
  TypeError: exceptions must derive from BaseException

test.test_annotationlib.TestGetAnnotations.test_missing_dunder_dict
  ERROR: test_missing_dunder_dict (test.test_annotationlib.TestGetAnnotations.test_missing_dunder_dict)
  TypeError: exceptions must derive from BaseException

test.test_annotationlib.TestGetAnnotations.test_nonlocal_in_annotation_scope
  ERROR: test_nonlocal_in_annotation_scope (test.test_annotationlib.TestGetAnnotations.test_nonlocal_in_annotation_scope)
  TypeError: exceptions must derive from BaseException

test.test_annotationlib.TestGetAnnotations.test_partial_evaluation_cell
  ERROR: test_partial_evaluation_cell (test.test_annotationlib.TestGetAnnotations.test_partial_evaluation_cell)
  TypeError: exceptions must derive from BaseException

test.test_annotationlib.TestGetAnnotations.test_stock_annotations_in_module
  ERROR: test_stock_annotations_in_module (test.test_annotationlib.TestGetAnnotations.test_stock_annotations_in_module)
  TypeError: exceptions must derive from BaseException

test.test_annotationlib.TestGetAnnotations.test_stringized_annotations_in_module
  ERROR: test_stringized_annotations_in_module (test.test_annotationlib.TestGetAnnotations.test_stringized_annotations_in_module) (format=<Format.STRING: 4>)
  TypeError: exceptions must derive from BaseException

test.test_annotationlib.TestGetAnnotations.test_stringized_annotations_in_module
  ERROR: test_stringized_annotations_in_module (test.test_annotationlib.TestGetAnnotations.test_stringized_annotations_in_module) (format=<Format.STRING: 4>, eval_str=False)
  TypeError: exceptions must derive from BaseException

test.test_annotationlib.TestCallEvaluateFunction.test_fake_global_evaluation
  FAIL: test_fake_global_evaluation (test.test_annotationlib.TestCallEvaluateFunction.test_fake_global_evaluation)
  AssertionError: ForwardRef('__dp__.or_(builtins.undefined, __dp__.getitem(list, int))') != EqualToForwardRef('builtins.undefined | list[int]')

test.test_annotationlib.TestGetAnnotations.test_partial_evaluation
  FAIL: test_partial_evaluation (test.test_annotationlib.TestGetAnnotations.test_partial_evaluation)
  AssertionError: {'x': ForwardRef('builtins.undef', owner=<funct[392 chars]c0>)} != {'x': EqualToForwardRef('builtins.undef', owner[500 chars]0>)]}

test.test_annotationlib.TestGetAnnotations.test_partial_evaluation_error
  FAIL: test_partial_evaluation_error (test.test_annotationlib.TestGetAnnotations.test_partial_evaluation_error)
  AssertionError: {'x': ForwardRef('__dp__.getitem(range, 1)', ow[89 chars]c0>)} != {'x': EqualToForwardRef('range[1]', owner=<func[80 chars]c0>)}

test.test_annotationlib.TestGetAnnotations.test_stringized_annotations_in_module
  FAIL: test_stringized_annotations_in_module (test.test_annotationlib.TestGetAnnotations.test_stringized_annotations_in_module) (<subtest>)
  AssertionError: {'a': 'int', 'b': '"str"', 'c': 'MyClass', 'return': 'MyClass'} != {'a': 'int', 'b': "'str'", 'c': 'MyClass', 'return': 'MyClass'}

test.test_annotationlib.TestGetAnnotations.test_stringized_annotations_in_module
  FAIL: test_stringized_annotations_in_module (test.test_annotationlib.TestGetAnnotations.test_stringized_annotations_in_module) (eval_str=False)
  AssertionError: {'a': 'int', 'b': '"str"', 'c': 'MyClass', 'return': 'MyClass'} != {'a': 'int', 'b': "'str'", 'c': 'MyClass', 'return': 'MyClass'}

test.test_annotationlib.TestGetAnnotations.test_stringized_annotations_in_module
  FAIL: test_stringized_annotations_in_module (test.test_annotationlib.TestGetAnnotations.test_stringized_annotations_in_module) (format=<Format.VALUE: 1>)
  AssertionError: {'a': 'int', 'b': '"str"', 'c': 'MyClass', 'return': 'MyClass'} != {'a': 'int', 'b': "'str'", 'c': 'MyClass', 'return': 'MyClass'}

test.test_annotationlib.TestGetAnnotations.test_stringized_annotations_in_module
  FAIL: test_stringized_annotations_in_module (test.test_annotationlib.TestGetAnnotations.test_stringized_annotations_in_module) (format=<Format.FORWARDREF: 3>)
  AssertionError: {'a': 'int', 'b': '"str"', 'c': 'MyClass', 'return': 'MyClass'} != {'a': 'int', 'b': "'str'", 'c': 'MyClass', 'return': 'MyClass'}

test.test_annotationlib.TestGetAnnotations.test_stringized_annotations_in_module
  FAIL: test_stringized_annotations_in_module (test.test_annotationlib.TestGetAnnotations.test_stringized_annotations_in_module) (format=<Format.VALUE: 1>, eval_str=False)
  AssertionError: {'a': 'int', 'b': '"str"', 'c': 'MyClass', 'return': 'MyClass'} != {'a': 'int', 'b': "'str'", 'c': 'MyClass', 'return': 'MyClass'}

test.test_annotationlib.TestGetAnnotations.test_stringized_annotations_in_module
  FAIL: test_stringized_annotations_in_module (test.test_annotationlib.TestGetAnnotations.test_stringized_annotations_in_module) (format=<Format.FORWARDREF: 3>, eval_str=False)
  AssertionError: {'a': 'int', 'b': '"str"', 'c': 'MyClass', 'return': 'MyClass'} != {'a': 'int', 'b': "'str'", 'c': 'MyClass', 'return': 'MyClass'}

test.test_annotationlib.TestStringFormat.test_displays
  FAIL: test_displays (test.test_annotationlib.TestStringFormat.test_displays)
  AssertionError: {'x': '__dp__.getitem(a, (__dp__.list((int, str)), float))'} != {'x': 'a[[int, str], float]'}

test.test_annotationlib.TestStringFormat.test_expressions
  FAIL: test_expressions (test.test_annotationlib.TestStringFormat.test_expressions)
  AssertionError: {'add': '__dp__.add(a, b)', 'sub': '__dp__.sub(a, [655 chars]'*a'} != {'add': 'a + b', 'sub': 'a - b', 'mul': 'a * b', '[389 chars]'*a'}

test.test_annotationlib.TestStringFormat.test_getitem
  FAIL: test_getitem (test.test_annotationlib.TestStringFormat.test_getitem)
  AssertionError: {'x': '__dp__.getitem(undef1, (str, undef2))'} != {'x': 'undef1[str, undef2]'}

test.test_annotationlib.TestStringFormat.test_literals
  FAIL: test_literals (test.test_annotationlib.TestStringFormat.test_literals)
  AssertionError: {'a':[49 chars]'e': 'True', 'f': 'None', 'g': '...', 'h': 'complex(0.0, 1.0)'} != {'a':[49 chars]'e': 'True', 'f': 'None', 'g': '...', 'h': '1j'}

test.test_annotationlib.TestStringFormat.test_nested_expressions
  FAIL: test_nested_expressions (test.test_annotationlib.TestStringFormat.test_nested_expressions)
  AssertionError: {'nested': "__dp__.getitem(list, __dp__.getitem(Annot[830 chars])))'} != {'nested': "list[Annotated[set[int], 'set of ints', 4[247 chars] c]'}

test.test_annotationlib.TestStringFormat.test_reverse_ops
  FAIL: test_reverse_ops (test.test_annotationlib.TestStringFormat.test_reverse_ops)
  AssertionError: {'radd': '__dp__.add(1, a)', 'rsub': '__dp__.sub(1,[344 chars] a)'} != {'radd': '1 + a', 'rsub': '1 - a', 'rmul': '1 * a',[186 chars]* a'}

test.test_annotationlib.TestStringFormat.test_shenanigans
  FAIL: test_shenanigans (test.test_annotationlib.TestStringFormat.test_shenanigans)
  AssertionError: {'x': "__dp__.or_(x, <class 'int'>)", 'y': "<class 'int'>"} != {'x': "x | <class 'int'>", 'y': "<class 'int'>"}

test.test_annotationlib.TestStringFormat.test_slice
  FAIL: test_slice (test.test_annotationlib.TestStringFormat.test_slice)
  AssertionError: {'x': '__dp__.getitem(a, __dp__.slice(b, c, None))'} != {'x': 'a[b:c]'}

test.test_annotationlib.TestStringFormat.test_template_str
  FAIL: test_template_str (test.test_annotationlib.TestStringFormat.test_template_str)
  AssertionError: {'x': "_dp_templatelib.Template(_dp_templatelib.[837 chars]'))"} != {'x': "t'{a}'", 'y': "list[t'{a}']", 'z': "t'{a:[102 chars]0}'"}

test.test_annotationlib.TestStringFormat.test_unsupported_operations
  FAIL: test_unsupported_operations (test.test_annotationlib.TestStringFormat.test_unsupported_operations)
  AssertionError: TypeError not raised

test.test_annotationlib.TestTypeRepr.test_type_repr
  FAIL: test_type_repr (test.test_annotationlib.TestTypeRepr.test_type_repr)
  AssertionError: 't"""{0\n            & 1\n            | 2}"""' != 't"""{ 0\n            & 1\n            | 2}"""'

test.test_bdb.IssuesTestCase.test_next_command_in_generator_for_loop
  FAIL: test_next_command_in_generator_for_loop (test.test_bdb.IssuesTestCase.test_next_command_in_generator_for_loop)
  AssertionError: Wrong line number at expect_set item 7, got '578'

test.test_bdb.IssuesTestCase.test_next_command_in_generator_with_subiterator
  FAIL: test_next_command_in_generator_with_subiterator (test.test_bdb.IssuesTestCase.test_next_command_in_generator_with_subiterator)
  AssertionError: Wrong line number at expect_set item 3, got '9'

test.test_bdb.IssuesTestCase.test_next_to_botframe
  FAIL: test_next_to_botframe (test.test_bdb.IssuesTestCase.test_next_to_botframe)
  AssertionError: Wrong line number at expect_set item 1, got '314'

test.test_bdb.IssuesTestCase.test_next_until_return_in_generator
  FAIL: test_next_until_return_in_generator (test.test_bdb.IssuesTestCase.test_next_until_return_in_generator) (set_type='return')
  AssertionError: Wrong line number at expect_set item 4, got '12'

test.test_bdb.IssuesTestCase.test_return_command_in_generator_with_subiterator
  FAIL: test_return_command_in_generator_with_subiterator (test.test_bdb.IssuesTestCase.test_return_command_in_generator_with_subiterator)
  AssertionError: Wrong line number at expect_set item 4, got '9'

test.test_bdb.IssuesTestCase.test_step_at_return_with_no_trace_in_caller
  FAIL: test_step_at_return_with_no_trace_in_caller (test.test_bdb.IssuesTestCase.test_step_at_return_with_no_trace_in_caller)
  AssertionError: Wrong line number at expect_set item 5, got '6'

test.test_bdb.RunTestCase.test_run_step
  FAIL: test_run_step (test.test_bdb.RunTestCase.test_run_step)
  AssertionError: Wrong line number at expect_set item 1, got '314'

test.test_bdb.StateTestCase.test_skip
  FAIL: test_skip (test.test_bdb.StateTestCase.test_skip)
  AssertionError: Wrong event type at expect_set item 2, got 'call'

test.test_code.CodeTest.test_stateless
  ERROR: test_stateless (test.test_code.CodeTest.test_stateless) [(<function simple_script at 0x7d9abcf5e820>, '(func)')]
  ValueError: globals not supported

test.test_code.CodeTest.test_stateless
  ERROR: test_stateless (test.test_code.CodeTest.test_stateless) [(<function complex_script at 0x7d9abcf5e980>, '(func)')]
  ValueError: globals not supported

test.test_code.CodeTest.test_stateless
  ERROR: test_stateless (test.test_code.CodeTest.test_stateless) [(<function spam_with_builtins at 0x7d9abcf5e140>, '(func)')]
  ValueError: globals not supported

test.test_code.CodeTest.test_stateless
  ERROR: test_stateless (test.test_code.CodeTest.test_stateless) [(<function spam_args_attrs_and_builtins at 0x7d9abcf5ec40>, '(func)')]
  ValueError: globals not supported

test.test_code.CodeTest.test_stateless
  ERROR: test_stateless (test.test_code.CodeTest.test_stateless) [(<function spam_with_inner_not_closure at 0x7d9abcf5ee50>, '(func)')]
  ValueError: globals not supported

test.test_code.CodeTest.test_stateless
  ERROR: test_stateless (test.test_code.CodeTest.test_stateless) [(<function spam_with_inner_closure at 0x7d9abcf5ef00>, '(func)')]
  ValueError: globals not supported

test.test_code.CodeTest.test_stateless
  ERROR: test_stateless (test.test_code.CodeTest.test_stateless) [(<function spam_N at 0x7d9abcf5f320>, '(func)')]
  ValueError: globals not supported

test.test_code.CodeTest.test_stateless
  ERROR: test_stateless (test.test_code.CodeTest.test_stateless) [(<function spam_C at 0x7d9abcf5f3d0>, '(func)')]
  ValueError: globals not supported

test.test_code.CodeTest.test_stateless
  ERROR: test_stateless (test.test_code.CodeTest.test_stateless) [(<function spam_NN at 0x7d9abcf5f480>, '(func)')]
  ValueError: globals not supported

test.test_code.CodeTest.test_stateless
  ERROR: test_stateless (test.test_code.CodeTest.test_stateless) [(<function spam_NC at 0x7d9abcf5f530>, '(func)')]
  ValueError: globals not supported

test.test_code.CodeTest.test_stateless
  ERROR: test_stateless (test.test_code.CodeTest.test_stateless) [(<function spam_CN at 0x7d9abcf5f5e0>, '(func)')]
  ValueError: globals not supported

test.test_code.CodeTest.test_stateless
  ERROR: test_stateless (test.test_code.CodeTest.test_stateless) [(<function spam_CC at 0x7d9abcf5f690>, '(func)')]
  ValueError: globals not supported

test.test_code.CodeTest.test_stateless
  ERROR: test_stateless (test.test_code.CodeTest.test_stateless) [(<function spam_NN.<locals>.eggs_nested_N at 0x7d9abcf5f8a0>, '(func)')]
  ValueError: globals not supported

test.test_code.CodeLocationTest.test_co_branches
  FAIL: test_co_branches (test.test_code.CodeLocationTest.test_co_branches)
  AssertionError: Lists differ: [(1, 2, 33)] != [(1, 2, 8)]

test.test_code.CodeTest.test_closure_injection
  FAIL: test_closure_injection (test.test_code.CodeTest.test_closure_injection)
  AssertionError: <cell at 0x7d9abd1e5090: type object at 0x5dcfd3c930d0> is not <class 'test.test_code.CodeTest.test_closure_injection.<locals>.List'>

test.test_code.CodeTest.test_code_hash_uses_bytecode
  FAIL: test_code_hash_uses_bytecode (test.test_code.CodeTest.test_code_hash_uses_bytecode)
  AssertionError: <code object <lambda> at 0x7d9abcda9a30, file "/home/adam/project/diet-python/cpython/Lib/test/test_code.py", line 683> == <code object <lambda> at 0x7d9abcdaac30, file "/home/adam/project/diet-python/cpython/Lib/test/test_code.py", line 683>

test.test_code.CodeTest.test_local_kinds
  FAIL: test_local_kinds (test.test_code.CodeTest.test_local_kinds) [<function complex_script at 0x7d9abcf5e980>]
  AssertionError: {'obj[17 chars]32, '_dp_fn_spam_minimal': 32, 'spam_minimal':[22 chars]: 32} != {'obj[17 chars]32, 'spam_minimal': 32, 'data': 32, 'res': 32}

test.test_code.CodeTest.test_local_kinds
  FAIL: test_local_kinds (test.test_code.CodeTest.test_local_kinds) [<function script_with_globals at 0x7d9abcf5e770>]
  AssertionError: {'_dp_tmp_1': 32, 'obj1': 32, 'obj2': 32} != {'obj1': 32, 'obj2': 32}

test.test_code.CodeTest.test_local_kinds
  FAIL: test_local_kinds (test.test_code.CodeTest.test_local_kinds) [<function spam_with_builtins at 0x7d9abcf5e140>]
  AssertionError: {'x':[15 chars]32, '_dp_fn__dp_genexpr_2': 32, '_dp_genexpr_2[26 chars]: 32} != {'x':[15 chars]32, 'checks': 32, 'res': 32}

test.test_code.CodeTest.test_local_kinds
  FAIL: test_local_kinds (test.test_code.CodeTest.test_local_kinds) [<function spam_with_globals_and_builtins at 0x7d9abcf5e090>]
  AssertionError: {'fun[31 chars]32, '_dp_fn__dp_genexpr_7': 32, '_dp_genexpr_7[26 chars]: 32} != {'fun[31 chars]32, 'checks': 32, 'res': 32}

test.test_code.CodeTest.test_local_kinds
  FAIL: test_local_kinds (test.test_code.CodeTest.test_local_kinds) [<function spam_full_args at 0x7d9abcf5dd20>]
  AssertionError: {'a': 32, 'b': 32, 'c': 32, 'd': 32, 'e': 32, 'f': 32, 'args': 32, 'kwargs': 32} != {'a': 34, 'b': 34, 'c': 38, 'd': 38, 'e': 36, 'f': 36, 'args': 42, 'kwargs': 44}

test.test_code.CodeTest.test_local_kinds
  FAIL: test_local_kinds (test.test_code.CodeTest.test_local_kinds) [<function spam_full_args_with_defaults at 0x7d9abcf5eb90>]
  AssertionError: {'a': 32, 'b': 32, 'c': 32, 'd': 32, 'e': 32, 'f': 32, 'args': 32, 'kwargs': 32} != {'a': 34, 'b': 34, 'c': 38, 'd': 38, 'e': 36, 'f': 36, 'args': 42, 'kwargs': 44}

test.test_code.CodeTest.test_local_kinds
  FAIL: test_local_kinds (test.test_code.CodeTest.test_local_kinds) [<function spam_args_attrs_and_builtins at 0x7d9abcf5ec40>]
  AssertionError: {'a': 32, 'b': 32, 'c': 32, 'd': 32, 'e': 32, 'f': 32, 'args': 32, 'kwargs': 32} != {'a': 34, 'b': 34, 'c': 38, 'd': 38, 'e': 36, 'f': 36, 'args': 42, 'kwargs': 44}

test.test_code.CodeTest.test_local_kinds
  FAIL: test_local_kinds (test.test_code.CodeTest.test_local_kinds) [<function spam_returns_arg at 0x7d9abcf5ecf0>]
  AssertionError: {'x': 32} != {'x': 38}

test.test_code.CodeTest.test_local_kinds
  FAIL: test_local_kinds (test.test_code.CodeTest.test_local_kinds) [<function spam_with_inner_not_closure at 0x7d9abcf5ee50>]
  AssertionError: {'_dp_fn_eggs': 32, 'eggs': 32} != {'eggs': 32}

test.test_code.CodeTest.test_local_kinds
  FAIL: test_local_kinds (test.test_code.CodeTest.test_local_kinds) [<function spam_with_inner_closure at 0x7d9abcf5ef00>]
  AssertionError: {'_dp_fn_eggs': 32, 'eggs': 32, '_dp_cell_x': 64} != {'x': 64, 'eggs': 32}

test.test_code.CodeTest.test_local_kinds
  FAIL: test_local_kinds (test.test_code.CodeTest.test_local_kinds) [<function spam_annotated at 0x7d9abcf5f060>]
  AssertionError: {'a': 32, 'b': 32, 'c': 32} != {'a': 38, 'b': 38, 'c': 38}

test.test_code.CodeTest.test_local_kinds
  FAIL: test_local_kinds (test.test_code.CodeTest.test_local_kinds) [<function spam_full at 0x7d9abcf5f1c0>]
  AssertionError: {'a': 32, 'b': 32, 'c': 32, 'd': 32, 'e': 32, 'f[68 chars]: 32} != {'a': 34, 'b': 34, 'c': 38, 'd': 38, 'e': 36, 'f[68 chars]: 32}

test.test_code.CodeTest.test_local_kinds
  FAIL: test_local_kinds (test.test_code.CodeTest.test_local_kinds) [<function spam at 0x7d9abcf5f270>]
  AssertionError: {'x': 32} != {'x': 38}

test.test_code.CodeTest.test_local_kinds
  FAIL: test_local_kinds (test.test_code.CodeTest.test_local_kinds) [<function spam_N at 0x7d9abcf5f320>]
  AssertionError: {'x': 32, '_dp_fn_eggs_nested': 32, 'eggs_nested': 32} != {'x': 38, 'eggs_nested': 32}

test.test_code.CodeTest.test_local_kinds
  FAIL: test_local_kinds (test.test_code.CodeTest.test_local_kinds) [<function spam_C at 0x7d9abcf5f3d0>]
  AssertionError: {'x': 32, '_dp_fn_eggs_closure': 32, 'eggs_clos[40 chars]: 64} != {'x': 102, 'a': 64, 'eggs_closure': 32}

test.test_code.CodeTest.test_local_kinds
  FAIL: test_local_kinds (test.test_code.CodeTest.test_local_kinds) [<function spam_NN at 0x7d9abcf5f480>]
  AssertionError: {'x': 32, '_dp_fn_eggs_nested_N': 32, 'eggs_nested_N': 32} != {'x': 38, 'eggs_nested_N': 32}

test.test_code.CodeTest.test_local_kinds
  FAIL: test_local_kinds (test.test_code.CodeTest.test_local_kinds) [<function spam_NC at 0x7d9abcf5f530>]
  AssertionError: {'x': 32, '_dp_fn_eggs_nested_C': 32, 'eggs_nes[42 chars]: 64} != {'x': 102, 'a': 64, 'eggs_nested_C': 32}

test.test_code.CodeTest.test_local_kinds
  FAIL: test_local_kinds (test.test_code.CodeTest.test_local_kinds) [<function spam_CN at 0x7d9abcf5f5e0>]
  AssertionError: {'x': 32, '_dp_fn_eggs_closure_N': 32, 'eggs_cl[44 chars]: 64} != {'x': 102, 'a': 64, 'eggs_closure_N': 32}

test.test_code.CodeTest.test_local_kinds
  FAIL: test_local_kinds (test.test_code.CodeTest.test_local_kinds) [<function spam_CC at 0x7d9abcf5f690>]
  AssertionError: {'x': 32, '_dp_fn_eggs_closure_C': 32, 'eggs_cl[44 chars]: 64} != {'x': 102, 'a': 64, 'eggs_closure_C': 32}

test.test_code.CodeTest.test_local_kinds
  FAIL: test_local_kinds (test.test_code.CodeTest.test_local_kinds) [<function spam_N.<locals>.eggs_nested at 0x7d9abcf5f740>]
  AssertionError: {'y': 32} != {'y': 38}

test.test_code.CodeTest.test_local_kinds
  FAIL: test_local_kinds (test.test_code.CodeTest.test_local_kinds) [<function spam_C.<locals>.eggs_closure at 0x7d9abcf5f7f0>]
  AssertionError: {'y': 32, '_dp_cell_a': 128, '_dp_cell_x': 128} != {'y': 38, 'x': 128, 'a': 128}

test.test_code.CodeTest.test_local_kinds
  FAIL: test_local_kinds (test.test_code.CodeTest.test_local_kinds) [<function spam_NN.<locals>.eggs_nested_N at 0x7d9abcf5f8a0>]
  AssertionError: {'y': 32, '_dp_fn_ham_nested': 32, 'ham_nested': 32} != {'y': 38, 'ham_nested': 32}

test.test_code.CodeTest.test_local_kinds
  FAIL: test_local_kinds (test.test_code.CodeTest.test_local_kinds) [<function spam_NC.<locals>.eggs_nested_C at 0x7d9abcf5f950>]
  AssertionError: {'y': 32, '_dp_fn_ham_closure': 32, 'ham_closur[58 chars] 128} != {'y': 102, 'x': 128, 'a': 128, 'ham_closure': 32}

test.test_code.CodeTest.test_local_kinds
  FAIL: test_local_kinds (test.test_code.CodeTest.test_local_kinds) [<function spam_CN.<locals>.eggs_closure_N at 0x7d9abcf5fa00>]
  AssertionError: {'y': 32, '_dp_fn_ham_C_nested': 32, 'ham_C_nest[41 chars] 128} != {'y': 38, 'x': 128, 'a': 128, 'ham_C_nested': 32}

test.test_code.CodeTest.test_local_kinds
  FAIL: test_local_kinds (test.test_code.CodeTest.test_local_kinds) [<function spam_CC.<locals>.eggs_closure_C at 0x7d9abcf5fab0>]
  AssertionError: {'y': 32, '_dp_fn_ham_C_closure': 32, 'ham_C_cl[80 chars] 128} != {'y': 102, 'b': 64, 'x': 128, 'a': 128, 'ham_C_closure': 32}

test.test_code.CodeTest.test_local_kinds
  FAIL: test_local_kinds (test.test_code.CodeTest.test_local_kinds) [<function spam_NN.<locals>.eggs_nested_N.<locals>.ham_nested at 0x7d9abcf5fb60>]
  AssertionError: {'z': 32} != {'z': 38}

test.test_code.CodeTest.test_local_kinds
  FAIL: test_local_kinds (test.test_code.CodeTest.test_local_kinds) [<function spam_NC.<locals>.eggs_nested_C.<locals>.ham_closure at 0x7d9abcf5fc10>]
  AssertionError: {'z': 32, '_dp_cell_a': 128, '_dp_cell_x': 128, '_dp_cell_y': 128} != {'z': 38, 'y': 128, 'x': 128, 'a': 128}

test.test_code.CodeTest.test_local_kinds
  FAIL: test_local_kinds (test.test_code.CodeTest.test_local_kinds) [<function spam_CN.<locals>.eggs_closure_N.<locals>.ham_C_nested at 0x7d9abcf5fd70>]
  AssertionError: {'z': 32} != {'z': 38}

test.test_code.CodeTest.test_local_kinds
  FAIL: test_local_kinds (test.test_code.CodeTest.test_local_kinds) [<function spam_CC.<locals>.eggs_closure_C.<locals>.ham_C_closure at 0x7d9abcf5fe20>]
  AssertionError: {'z': 32, '_dp_cell_a': 128, '_dp_cell_b': 128, [32 chars] 128} != {'z': 38, 'y': 128, 'b': 128, 'x': 128, 'a': 128}

test.test_code.CodeTest.test_var_counts
  FAIL: test_var_counts (test.test_code.CodeTest.test_var_counts) [<function simple_script at 0x7d9abcf5e820>]
  AssertionError: {'total': 4, 'locals': {'total': 0, 'args': {'total[348 chars] 1}}} != {'total': 0, 'locals': {'total': 0, 'args': {'total[348 chars]: 0}}

test.test_code.CodeTest.test_var_counts
  FAIL: test_var_counts (test.test_code.CodeTest.test_var_counts) [<function complex_script at 0x7d9abcf5e980>]
  AssertionError: {'total': 15, 'locals': {'total': 6, 'args': {'tota[349 chars] 2}}} != {'total': 8, 'locals': {'total': 5, 'args': {'total[348 chars]: 0}}

test.test_code.CodeTest.test_var_counts
  FAIL: test_var_counts (test.test_code.CodeTest.test_var_counts) [<function script_with_globals at 0x7d9abcf5e770>]
  AssertionError: {'total': 12, 'locals': {'total': 3, 'args': {'tota[349 chars] 2}}} != {'total': 3, 'locals': {'total': 2, 'args': {'total[348 chars]: 0}}

test.test_code.CodeTest.test_var_counts
  FAIL: test_var_counts (test.test_code.CodeTest.test_var_counts) [<function spam_with_builtins at 0x7d9abcf5e140>]
  AssertionError: {'total': 13, 'locals': {'total': 6, 'args': {'tota[349 chars] 5}}} != {'total': 8, 'locals': {'total': 4, 'args': {'total[348 chars]: 0}}

test.test_code.CodeTest.test_var_counts
  FAIL: test_var_counts (test.test_code.CodeTest.test_var_counts) [<function spam_with_globals_and_builtins at 0x7d9abcf5e090>]
  AssertionError: {'total': 16, 'locals': {'total': 7, 'args': {'total[348 chars] 7}}} != {'total': 11, 'locals': {'total': 5, 'args': {'total[348 chars]: 0}}

test.test_code.CodeTest.test_var_counts
  FAIL: test_var_counts (test.test_code.CodeTest.test_var_counts) [<function spam_with_global_and_attr_same_name at 0x7d9abcf5ddd0>]
  AssertionError: {'total': 6, 'locals': {'total': 0, 'args': {'total[348 chars] 3}}} != {'total': 3, 'locals': {'total': 0, 'args': {'total[348 chars]: 0}}

test.test_code.CodeTest.test_var_counts
  FAIL: test_var_counts (test.test_code.CodeTest.test_var_counts) [<function spam_full_args at 0x7d9abcf5dd20>]
  AssertionError: {'tot[44 chars]al': 0, 'numposonly': 0, 'numposorkw': 0, 'num[304 chars] 0}}} != {'tot[44 chars]al': 8, 'numposonly': 2, 'numposorkw': 2, 'num[304 chars]: 0}}

test.test_code.CodeTest.test_var_counts
  FAIL: test_var_counts (test.test_code.CodeTest.test_var_counts) [<function spam_full_args_with_defaults at 0x7d9abcf5eb90>]
  AssertionError: {'tot[44 chars]al': 0, 'numposonly': 0, 'numposorkw': 0, 'num[304 chars] 0}}} != {'tot[44 chars]al': 8, 'numposonly': 2, 'numposorkw': 2, 'num[304 chars]: 0}}

test.test_code.CodeTest.test_var_counts
  FAIL: test_var_counts (test.test_code.CodeTest.test_var_counts) [<function spam_args_attrs_and_builtins at 0x7d9abcf5ec40>]
  AssertionError: {'total': 11, 'locals': {'total': 8, 'args': {'tota[349 chars] 1}}} != {'total': 9, 'locals': {'total': 8, 'args': {'total[348 chars]: 0}}

test.test_code.CodeTest.test_var_counts
  FAIL: test_var_counts (test.test_code.CodeTest.test_var_counts) [<function spam_returns_arg at 0x7d9abcf5ecf0>]
  AssertionError: {'tot[44 chars]al': 0, 'numposonly': 0, 'numposorkw': 0, 'num[304 chars] 0}}} != {'tot[44 chars]al': 1, 'numposonly': 0, 'numposorkw': 1, 'num[304 chars]: 0}}

test.test_code.CodeTest.test_var_counts
  FAIL: test_var_counts (test.test_code.CodeTest.test_var_counts) [<function spam_with_inner_not_closure at 0x7d9abcf5ee50>]
  AssertionError: {'total': 4, 'locals': {'total': 2, 'args': {'total[348 chars] 1}}} != {'total': 1, 'locals': {'total': 1, 'args': {'total[348 chars]: 0}}

test.test_code.CodeTest.test_var_counts
  FAIL: test_var_counts (test.test_code.CodeTest.test_var_counts) [<function spam_with_inner_closure at 0x7d9abcf5ef00>]
  AssertionError: {'total': 7, 'locals': {'total': 3, 'args': {'total[348 chars] 1}}} != {'total': 2, 'locals': {'total': 2, 'args': {'total[348 chars]: 0}}

test.test_code.CodeTest.test_var_counts
  FAIL: test_var_counts (test.test_code.CodeTest.test_var_counts) [<function spam_annotated at 0x7d9abcf5f060>]
  AssertionError: {'tot[44 chars]al': 0, 'numposonly': 0, 'numposorkw': 0, 'num[304 chars] 0}}} != {'tot[44 chars]al': 3, 'numposonly': 0, 'numposorkw': 3, 'num[304 chars]: 0}}

test.test_code.CodeTest.test_var_counts
  FAIL: test_var_counts (test.test_code.CodeTest.test_var_counts) [<function spam_full at 0x7d9abcf5f1c0>]
  AssertionError: {'total': 18, 'locals': {'total': 12, 'args': {'tota[350 chars] 4}}} != {'total': 16, 'locals': {'total': 12, 'args': {'tota[349 chars]: 0}}

test.test_code.CodeTest.test_var_counts
  FAIL: test_var_counts (test.test_code.CodeTest.test_var_counts) [<function spam at 0x7d9abcf5f270>]
  AssertionError: {'tot[44 chars]al': 0, 'numposonly': 0, 'numposorkw': 0, 'num[304 chars] 0}}} != {'tot[44 chars]al': 1, 'numposonly': 0, 'numposorkw': 1, 'num[304 chars]: 0}}

test.test_code.CodeTest.test_var_counts
  FAIL: test_var_counts (test.test_code.CodeTest.test_var_counts) [<function spam_N at 0x7d9abcf5f320>]
  AssertionError: {'total': 5, 'locals': {'total': 3, 'args': {'total[348 chars] 1}}} != {'total': 2, 'locals': {'total': 2, 'args': {'total[348 chars]: 0}}

test.test_code.CodeTest.test_var_counts
  FAIL: test_var_counts (test.test_code.CodeTest.test_var_counts) [<function spam_C at 0x7d9abcf5f3d0>]
  AssertionError: {'total': 10, 'locals': {'total': 5, 'args': {'tota[349 chars] 1}}} != {'total': 3, 'locals': {'total': 3, 'args': {'total[348 chars]: 0}}

test.test_code.CodeTest.test_var_counts
  FAIL: test_var_counts (test.test_code.CodeTest.test_var_counts) [<function spam_NN at 0x7d9abcf5f480>]
  AssertionError: {'total': 5, 'locals': {'total': 3, 'args': {'total[348 chars] 1}}} != {'total': 2, 'locals': {'total': 2, 'args': {'total[348 chars]: 0}}

test.test_code.CodeTest.test_var_counts
  FAIL: test_var_counts (test.test_code.CodeTest.test_var_counts) [<function spam_NC at 0x7d9abcf5f530>]
  AssertionError: {'total': 10, 'locals': {'total': 5, 'args': {'tota[349 chars] 1}}} != {'total': 3, 'locals': {'total': 3, 'args': {'total[348 chars]: 0}}

test.test_code.CodeTest.test_var_counts
  FAIL: test_var_counts (test.test_code.CodeTest.test_var_counts) [<function spam_CN at 0x7d9abcf5f5e0>]
  AssertionError: {'total': 10, 'locals': {'total': 5, 'args': {'tota[349 chars] 1}}} != {'total': 3, 'locals': {'total': 3, 'args': {'total[348 chars]: 0}}

test.test_code.CodeTest.test_var_counts
  FAIL: test_var_counts (test.test_code.CodeTest.test_var_counts) [<function spam_CC at 0x7d9abcf5f690>]
  AssertionError: {'total': 10, 'locals': {'total': 5, 'args': {'tota[349 chars] 1}}} != {'total': 3, 'locals': {'total': 3, 'args': {'total[348 chars]: 0}}

test.test_code.CodeTest.test_var_counts
  FAIL: test_var_counts (test.test_code.CodeTest.test_var_counts) [<function spam_N.<locals>.eggs_nested at 0x7d9abcf5f740>]
  AssertionError: {'tot[44 chars]al': 0, 'numposonly': 0, 'numposorkw': 0, 'num[304 chars] 0}}} != {'tot[44 chars]al': 1, 'numposonly': 0, 'numposorkw': 1, 'num[304 chars]: 0}}

test.test_code.CodeTest.test_var_counts
  FAIL: test_var_counts (test.test_code.CodeTest.test_var_counts) [<function spam_C.<locals>.eggs_closure at 0x7d9abcf5f7f0>]
  AssertionError: {'total': 5, 'locals': {'total': 1, 'args': {'total[348 chars] 1}}} != {'total': 3, 'locals': {'total': 1, 'args': {'total[348 chars]: 0}}

test.test_code.CodeTest.test_var_counts
  FAIL: test_var_counts (test.test_code.CodeTest.test_var_counts) [<function spam_NN.<locals>.eggs_nested_N at 0x7d9abcf5f8a0>]
  AssertionError: {'total': 5, 'locals': {'total': 3, 'args': {'total[348 chars] 1}}} != {'total': 2, 'locals': {'total': 2, 'args': {'total[348 chars]: 0}}

test.test_code.CodeTest.test_var_counts
  FAIL: test_var_counts (test.test_code.CodeTest.test_var_counts) [<function spam_NC.<locals>.eggs_nested_C at 0x7d9abcf5f950>]
  AssertionError: {'total': 10, 'locals': {'total': 4, 'args': {'tota[349 chars] 1}}} != {'total': 4, 'locals': {'total': 2, 'args': {'total[348 chars]: 0}}

test.test_code.CodeTest.test_var_counts
  FAIL: test_var_counts (test.test_code.CodeTest.test_var_counts) [<function spam_CN.<locals>.eggs_closure_N at 0x7d9abcf5fa00>]
  AssertionError: {'total': 8, 'locals': {'total': 3, 'args': {'total[348 chars] 1}}} != {'total': 4, 'locals': {'total': 2, 'args': {'total[348 chars]: 0}}

test.test_code.CodeTest.test_var_counts
  FAIL: test_var_counts (test.test_code.CodeTest.test_var_counts) [<function spam_CC.<locals>.eggs_closure_C at 0x7d9abcf5fab0>]
  AssertionError: {'total': 12, 'locals': {'total': 5, 'args': {'tota[349 chars] 1}}} != {'total': 5, 'locals': {'total': 3, 'args': {'total[348 chars]: 0}}

test.test_code.CodeTest.test_var_counts
  FAIL: test_var_counts (test.test_code.CodeTest.test_var_counts) [<function spam_NN.<locals>.eggs_nested_N.<locals>.ham_nested at 0x7d9abcf5fb60>]
  AssertionError: {'tot[44 chars]al': 0, 'numposonly': 0, 'numposorkw': 0, 'num[304 chars] 0}}} != {'tot[44 chars]al': 1, 'numposonly': 0, 'numposorkw': 1, 'num[304 chars]: 0}}

test.test_code.CodeTest.test_var_counts
  FAIL: test_var_counts (test.test_code.CodeTest.test_var_counts) [<function spam_NC.<locals>.eggs_nested_C.<locals>.ham_closure at 0x7d9abcf5fc10>]
  AssertionError: {'total': 6, 'locals': {'total': 1, 'args': {'total[348 chars] 1}}} != {'total': 4, 'locals': {'total': 1, 'args': {'total[348 chars]: 0}}

test.test_code.CodeTest.test_var_counts
  FAIL: test_var_counts (test.test_code.CodeTest.test_var_counts) [<function spam_CN.<locals>.eggs_closure_N.<locals>.ham_C_nested at 0x7d9abcf5fd70>]
  AssertionError: {'tot[44 chars]al': 0, 'numposonly': 0, 'numposorkw': 0, 'num[304 chars] 0}}} != {'tot[44 chars]al': 1, 'numposonly': 0, 'numposorkw': 1, 'num[304 chars]: 0}}

test.test_code.CodeTest.test_var_counts
  FAIL: test_var_counts (test.test_code.CodeTest.test_var_counts) [<function spam_CC.<locals>.eggs_closure_C.<locals>.ham_C_closure at 0x7d9abcf5fe20>]
  AssertionError: {'total': 7, 'locals': {'total': 1, 'args': {'total[348 chars] 1}}} != {'total': 5, 'locals': {'total': 1, 'args': {'total[348 chars]: 0}}

test.test_code.CodeTest.test_var_counts
  FAIL: test_var_counts (test.test_code.CodeTest.test_var_counts) [<function spam_with_globals_and_builtins at 0x7d9abcf5e090> code]
  AssertionError: {'total': 16, 'locals': {'total': 7, 'args': {'total[348 chars] 7}}} != {'total': 11, 'locals': {'total': 5, 'args': {'total[348 chars]: 0}}

test.test_code.CodeTest.test_var_counts
  FAIL: test_var_counts (test.test_code.CodeTest.test_var_counts) [<function spam_with_globals_and_builtins at 0x7d9abcf5e090> with own globals and builtins]
  AssertionError: {'total': 16, 'locals': {'total': 7, 'args': {'total[348 chars] 0}}} != {'total': 11, 'locals': {'total': 5, 'args': {'total[348 chars]: 0}}

test.test_code.CodeTest.test_var_counts
  FAIL: test_var_counts (test.test_code.CodeTest.test_var_counts) [<function spam_with_globals_and_builtins at 0x7d9abcf5e090> without globals]
  AssertionError: {'total': 16, 'locals': {'total': 7, 'args': {'total[348 chars] 3}}} != {'total': 11, 'locals': {'total': 5, 'args': {'total[348 chars]: 0}}

test.test_code.CodeTest.test_var_counts
  FAIL: test_var_counts (test.test_code.CodeTest.test_var_counts) [<function spam_with_globals_and_builtins at 0x7d9abcf5e090> without both]
  AssertionError: {'total': 16, 'locals': {'total': 7, 'args': {'total[348 chars] 7}}} != {'total': 11, 'locals': {'total': 5, 'args': {'total[348 chars]: 0}}

test.test_code.CodeTest.test_var_counts
  FAIL: test_var_counts (test.test_code.CodeTest.test_var_counts) [<function spam_with_globals_and_builtins at 0x7d9abcf5e090> without builtins]
  AssertionError: {'total': 16, 'locals': {'total': 7, 'args': {'total[348 chars] 4}}} != {'total': 11, 'locals': {'total': 5, 'args': {'total[348 chars]: 0}}

test.test_compiler_assemble.IsolatedAssembleTests.test_expression_with_pseudo_instruction_load_closure
  ERROR: test_expression_with_pseudo_instruction_load_closure (test.test_compiler_assemble.IsolatedAssembleTests.test_expression_with_pseudo_instruction_load_closure)
  NameError: name '__dp__' is not defined. Did you mean: '__doc__'?

test.test_contextlib.ContextManagerTestCase.test_contextmanager_traceback
  FAIL: test_contextmanager_traceback (test.test_contextlib.ContextManagerTestCase.test_contextmanager_traceback)
  AssertionError: 2 != 1

test.test_contextlib.TestExitStack.test_exit_exception_traceback
  FAIL: test_exit_exception_traceback (test.test_contextlib.TestExitStack.test_exit_exception_traceback)
  AssertionError: Lists differ: [('te[26 chars]k', ''), ('__exit__', 'raise exc'), ('__exit__[87 chars] '')] != [('te[26 chars]k', 'with self.exit_stack() as stack:'), ('__e[128 chars]xc')]

test.test_contextlib_async.AsyncContextManagerTestCase.test_contextmanager_traceback
  FAIL: test_contextmanager_traceback (test.test_contextlib_async.AsyncContextManagerTestCase.test_contextmanager_traceback)
  AssertionError: 'async def test_instance_docstring_given_cm_docstring(self):' != '1/0'

test.test_contextlib_async.TestAsyncExitStack.test_exit_exception_traceback
  FAIL: test_exit_exception_traceback (test.test_contextlib_async.TestAsyncExitStack.test_exit_exception_traceback)
  AssertionError: Lists differ: [('te[26 chars]k', ''), ('__exit__', ''), ('run_no_yield_asyn[148 chars] '')] != [('te[26 chars]k', 'with self.exit_stack() as stack:'), ('__e[254 chars]xc')]

test.test_copy.TestCopy.test_copy_weakkeydict
  FAIL: test_copy_weakkeydict (test.test_copy.TestCopy.test_copy_weakkeydict)
  AssertionError: 2 != 1

test.test_copy.TestCopy.test_copy_weakvaluedict
  FAIL: test_copy_weakvaluedict (test.test_copy.TestCopy.test_copy_weakvaluedict)
  AssertionError: 2 != 1

test.test_copy.TestCopy.test_deepcopy_weakkeydict
  FAIL: test_deepcopy_weakkeydict (test.test_copy.TestCopy.test_deepcopy_weakkeydict)
  AssertionError: 2 != 1

test.test_copy.TestCopy.test_deepcopy_weakvaluedict
  FAIL: test_deepcopy_weakvaluedict (test.test_copy.TestCopy.test_deepcopy_weakvaluedict)
  AssertionError: 2 != 1

test.test_cprofile.CProfileTest.test_cprofile
  FAIL: test_cprofile (test.test_cprofile.CProfileTest.test_cprofile)
  AssertionError:

test.test_profile.ProfileTest.test_cprofile
  FAIL: test_cprofile (test.test_profile.ProfileTest.test_cprofile)
  AssertionError:

test.test_crossinterp.PureShareableScriptTests.test_pure_script_code
  ERROR: test_pure_script_code (test.test_crossinterp.PureShareableScriptTests.test_pure_script_code) [<code object simple_script at 0x7f476f1f39f0, file "/home/adam/project/diet-python/cpython/Lib/test/_code_definitions.py", line 2>]
  ValueError: globals not supported

test.test_crossinterp.PureShareableScriptTests.test_pure_script_code
  ERROR: test_pure_script_code (test.test_crossinterp.PureShareableScriptTests.test_pure_script_code) [<code object complex_script at 0x62ccfd609d00, file "/home/adam/project/diet-python/cpython/Lib/test/_code_definitions.py", line 9>]
  ValueError: globals not supported

test.test_crossinterp.PureShareableScriptTests.test_pure_script_code
  ERROR: test_pure_script_code (test.test_crossinterp.PureShareableScriptTests.test_pure_script_code) [<code object spam_with_builtins at 0x7f476ee64c70, file "/home/adam/project/diet-python/cpython/Lib/test/_code_definitions.py", line 55>]
  ValueError: globals not supported

test.test_crossinterp.PureShareableScriptTests.test_pure_script_code
  ERROR: test_pure_script_code (test.test_crossinterp.PureShareableScriptTests.test_pure_script_code) [<code object spam_with_inner_not_closure at 0x7f476f1d6d30, file "/home/adam/project/diet-python/cpython/Lib/test/_code_definitions.py", line 142>]
  ValueError: globals not supported

test.test_crossinterp.PureShareableScriptTests.test_pure_script_code
  ERROR: test_pure_script_code (test.test_crossinterp.PureShareableScriptTests.test_pure_script_code) [<code object spam_with_inner_closure at 0x7f476ef04030, file "/home/adam/project/diet-python/cpython/Lib/test/_code_definitions.py", line 153>]
  ValueError: globals not supported

test.test_crossinterp.PureShareableScriptTests.test_pure_script_function
  ERROR: test_pure_script_function (test.test_crossinterp.PureShareableScriptTests.test_pure_script_function) [<function simple_script at 0x7f476eef3c10>]
  ValueError: globals not supported

test.test_crossinterp.PureShareableScriptTests.test_pure_script_function
  ERROR: test_pure_script_function (test.test_crossinterp.PureShareableScriptTests.test_pure_script_function) [<function complex_script at 0x7f476eef3ab0>]
  ValueError: globals not supported

test.test_crossinterp.PureShareableScriptTests.test_pure_script_function
  ERROR: test_pure_script_function (test.test_crossinterp.PureShareableScriptTests.test_pure_script_function) [<function spam_with_builtins at 0x7f476ef0cbf0>]
  ValueError: globals not supported

test.test_crossinterp.PureShareableScriptTests.test_pure_script_function
  ERROR: test_pure_script_function (test.test_crossinterp.PureShareableScriptTests.test_pure_script_function) [<function spam_with_inner_not_closure at 0x7f476ef0d170>]
  ValueError: globals not supported

test.test_crossinterp.PureShareableScriptTests.test_pure_script_function
  ERROR: test_pure_script_function (test.test_crossinterp.PureShareableScriptTests.test_pure_script_function) [<function spam_with_inner_closure at 0x7f476ef0d220>]
  ValueError: globals not supported

test.test_crossinterp.ShareableFallbackTests.test_not_shareable
  ERROR: test_not_shareable (test.test_crossinterp.ShareableFallbackTests.test_not_shareable) [<function spam_NN.<locals>.eggs_nested_N at 0x7f476ef0dbc0>]

test.test_crossinterp.ShareableFuncTests.test_stateless
  ERROR: test_stateless (test.test_crossinterp.ShareableFuncTests.test_stateless) [<function simple_script at 0x7f476eef3c10>]
  ValueError: globals not supported

test.test_crossinterp.ShareableFuncTests.test_stateless
  ERROR: test_stateless (test.test_crossinterp.ShareableFuncTests.test_stateless) [<function complex_script at 0x7f476eef3ab0>]
  ValueError: globals not supported

test.test_crossinterp.ShareableFuncTests.test_stateless
  ERROR: test_stateless (test.test_crossinterp.ShareableFuncTests.test_stateless) [<function spam_with_builtins at 0x7f476ef0cbf0>]
  ValueError: globals not supported

test.test_crossinterp.ShareableFuncTests.test_stateless
  ERROR: test_stateless (test.test_crossinterp.ShareableFuncTests.test_stateless) [<function spam_args_attrs_and_builtins at 0x7f476ef0cf60>]
  ValueError: globals not supported

test.test_crossinterp.ShareableFuncTests.test_stateless
  ERROR: test_stateless (test.test_crossinterp.ShareableFuncTests.test_stateless) [<function spam_with_inner_not_closure at 0x7f476ef0d170>]
  ValueError: globals not supported

test.test_crossinterp.ShareableFuncTests.test_stateless
  ERROR: test_stateless (test.test_crossinterp.ShareableFuncTests.test_stateless) [<function spam_with_inner_closure at 0x7f476ef0d220>]
  ValueError: globals not supported

test.test_crossinterp.ShareableFuncTests.test_stateless
  ERROR: test_stateless (test.test_crossinterp.ShareableFuncTests.test_stateless) [<function spam_N at 0x7f476ef0d640>]
  ValueError: globals not supported

test.test_crossinterp.ShareableFuncTests.test_stateless
  ERROR: test_stateless (test.test_crossinterp.ShareableFuncTests.test_stateless) [<function spam_C at 0x7f476ef0d6f0>]
  ValueError: globals not supported

test.test_crossinterp.ShareableFuncTests.test_stateless
  ERROR: test_stateless (test.test_crossinterp.ShareableFuncTests.test_stateless) [<function spam_NN at 0x7f476ef0d7a0>]
  ValueError: globals not supported

test.test_crossinterp.ShareableFuncTests.test_stateless
  ERROR: test_stateless (test.test_crossinterp.ShareableFuncTests.test_stateless) [<function spam_NC at 0x7f476ef0d850>]
  ValueError: globals not supported

test.test_crossinterp.ShareableFuncTests.test_stateless
  ERROR: test_stateless (test.test_crossinterp.ShareableFuncTests.test_stateless) [<function spam_CN at 0x7f476ef0d900>]
  ValueError: globals not supported

test.test_crossinterp.ShareableFuncTests.test_stateless
  ERROR: test_stateless (test.test_crossinterp.ShareableFuncTests.test_stateless) [<function spam_CC at 0x7f476ef0d9b0>]
  ValueError: globals not supported

test.test_crossinterp.ShareableFuncTests.test_stateless
  ERROR: test_stateless (test.test_crossinterp.ShareableFuncTests.test_stateless) [<function spam_NN.<locals>.eggs_nested_N at 0x7f476ef0dbc0>]
  ValueError: globals not supported

test.test_crossinterp.ShareableFuncTests.test_stateless
  ERROR: test_stateless (test.test_crossinterp.ShareableFuncTests.test_stateless) [<function gen_spam_1 at 0x7f476ef0e1f0>]
  ValueError: globals not supported

test.test_crossinterp.ShareableFuncTests.test_stateless
  ERROR: test_stateless (test.test_crossinterp.ShareableFuncTests.test_stateless) [<function asyncgen_spam at 0x7f476ef0e400>]
  ValueError: globals not supported

test.test_dataclasses.TestInitAnnotate.test_annotate_function
  ERROR: test_annotate_function (test.test_dataclasses.TestInitAnnotate.test_annotate_function)
  TypeError: exceptions must derive from BaseException

test.test_dataclasses.TestInitAnnotate.test_annotate_function_contains_forwardref
  ERROR: test_annotate_function_contains_forwardref (test.test_dataclasses.TestInitAnnotate.test_annotate_function_contains_forwardref)
  TypeError: exceptions must derive from BaseException

test.test_dataclasses.TestInitAnnotate.test_annotate_function_forwardref
  ERROR: test_annotate_function_forwardref (test.test_dataclasses.TestInitAnnotate.test_annotate_function_forwardref)
  TypeError: exceptions must derive from BaseException

test.test_dataclasses.TestSlots.test_original_class_is_gced
  ERROR: test_original_class_is_gced (test.test_dataclasses.TestSlots.test_original_class_is_gced) (make=<function TestSlots.test_original_class_is_gced.<locals>.make_simple at 0x7b0fdac79010>)
  AttributeError: type object 'SlotsTest' has no attribute '__firstlineno__'

test.test_dataclasses.TestSlots.test_original_class_is_gced
  ERROR: test_original_class_is_gced (test.test_dataclasses.TestSlots.test_original_class_is_gced) (make=<function TestSlots.test_original_class_is_gced.<locals>.make_with_annotations at 0x7b0fdac985c0>)
  AttributeError: type object 'SlotsTest' has no attribute '__firstlineno__'

test.test_dataclasses.TestSlots.test_original_class_is_gced
  ERROR: test_original_class_is_gced (test.test_dataclasses.TestSlots.test_original_class_is_gced) (make=<function TestSlots.test_original_class_is_gced.<locals>.make_with_annotations_and_method at 0x7b0fdacf5c70>)
  AttributeError: type object 'SlotsTest' has no attribute '__firstlineno__'

test.test_dataclasses.TestSlots.test_original_class_is_gced
  ERROR: test_original_class_is_gced (test.test_dataclasses.TestSlots.test_original_class_is_gced) (make=<function TestSlots.test_original_class_is_gced.<locals>.make_with_forwardref at 0x7b0fdace4460>)
  AttributeError: type object 'SlotsTest' has no attribute '__firstlineno__'

test.test_dataclasses.TestStringAnnotations.test_classvar_module_level_import
  ERROR: test_classvar_module_level_import (test.test_dataclasses.TestStringAnnotations.test_classvar_module_level_import) (m=<module 'test.test_dataclasses.dataclass_module_1' from '/home/adam/project/diet-python/cpython/Lib/test/test_dataclasses/dataclass_module_1.py'>)
  TypeError: CV.__init__() missing 1 required positional argument: 'not_cv4'

test.test_dataclasses.TestStringAnnotations.test_classvar_module_level_import
  ERROR: test_classvar_module_level_import (test.test_dataclasses.TestStringAnnotations.test_classvar_module_level_import) (m=<module 'test.test_dataclasses.dataclass_module_2' from '/home/adam/project/diet-python/cpython/Lib/test/test_dataclasses/dataclass_module_2.py'>)
  TypeError: CV.__init__() missing 1 required positional argument: 'not_cv4'

test.test_dataclasses.TestZeroArgumentSuperWithSlots.test_wrapped
  ERROR: test_wrapped (test.test_dataclasses.TestZeroArgumentSuperWithSlots.test_wrapped)
  TypeError: super(type, obj): obj (instance of A) is not an instance or subtype of type (A).

test.test_dataclasses.TestZeroArgumentSuperWithSlots.test_zero_argument_super
  ERROR: test_zero_argument_super (test.test_dataclasses.TestZeroArgumentSuperWithSlots.test_zero_argument_super)
  TypeError: super(type, obj): obj (instance of A) is not an instance or subtype of type (A).

test.test_dataclasses.TestCase.test_incomplete_annotations
  FAIL: test_incomplete_annotations (test.test_dataclasses.TestCase.test_incomplete_annotations)
  AssertionError: {'x': <class 'int'>, 'return': None} != {'return': None}

test.test_dataclasses.TestCase.test_recursive_annotation
  FAIL: test_recursive_annotation (test.test_dataclasses.TestCase.test_recursive_annotation)
  AssertionError: ',type=...,' not found in "Field(name='C',type=<class 'test.test_dataclasses.TestCase.test_recursive_annotation.<locals>.C'>,default=<dataclasses._MISSING_TYPE object at 0x7b0fdbc538c0>,default_factory=<dataclasses._MISSING_TYPE object at 0x7b0fdbc538c0>,init=True,repr=True,hash=None,compare=True,metadata=mappingproxy({}),kw_only=False,doc=None,_field_type=_FIELD)"

test.test_dataclasses.TestDocString.test_existing_docstring_not_overridden
  FAIL: test_existing_docstring_not_overridden (test.test_dataclasses.TestDocString.test_existing_docstring_not_overridden)
  AssertionError: 'C(x: int)' != 'Lorem ipsum'

test.test_dataclasses.TestZeroArgumentSuperWithSlots.test_dunder_class_with_new_property
  FAIL: test_dunder_class_with_new_property (test.test_dataclasses.TestZeroArgumentSuperWithSlots.test_dunder_class_with_new_property)
  AssertionError: <class 'test.test_dataclasses.TestZeroArgumentSuperWithSlots.test_dunder_class_with_new_property.<locals>.A'> is not <class 'test.test_dataclasses.TestZeroArgumentSuperWithSlots.test_dunder_class_with_new_property.<locals>.A'>

test.test_dataclasses.TestZeroArgumentSuperWithSlots.test_dunder_class_with_old_property
  FAIL: test_dunder_class_with_old_property (test.test_dataclasses.TestZeroArgumentSuperWithSlots.test_dunder_class_with_old_property)
  AssertionError: <class 'test.test_dataclasses.TestZeroArgumentSuperWithSlots.test_dunder_class_with_old_property.<locals>.A'> is not <class 'test.test_dataclasses.TestZeroArgumentSuperWithSlots.test_dunder_class_with_old_property.<locals>.A'>

test.test_dataclasses.TestZeroArgumentSuperWithSlots.test_remembered_class
  FAIL: test_remembered_class (test.test_dataclasses.TestZeroArgumentSuperWithSlots.test_remembered_class)
  AssertionError: <class 'test.test_dataclasses.TestZeroArgumentSuperWithSlots.test_remembered_class.<locals>.A'> is not <class 'test.test_dataclasses.TestZeroArgumentSuperWithSlots.test_remembered_class.<locals>.A'>

test.test_dataclasses.TestZeroArgumentSuperWithSlots.test_slots_dunder_class_property_deleter
  FAIL: test_slots_dunder_class_property_deleter (test.test_dataclasses.TestZeroArgumentSuperWithSlots.test_slots_dunder_class_property_deleter)
  AssertionError: <class 'test.test_dataclasses.TestZeroArgumentSuperWithSlots.test_slots_dunder_class_property_deleter.<locals>.A'> is not <class 'test.test_dataclasses.TestZeroArgumentSuperWithSlots.test_slots_dunder_class_property_deleter.<locals>.A'>

test.test_dataclasses.TestZeroArgumentSuperWithSlots.test_slots_dunder_class_property_getter
  FAIL: test_slots_dunder_class_property_getter (test.test_dataclasses.TestZeroArgumentSuperWithSlots.test_slots_dunder_class_property_getter)
  AssertionError: <class 'test.test_dataclasses.TestZeroArgumentSuperWithSlots.test_slots_dunder_class_property_getter.<locals>.A'> is not <class 'test.test_dataclasses.TestZeroArgumentSuperWithSlots.test_slots_dunder_class_property_getter.<locals>.A'>

test.test_dataclasses.TestZeroArgumentSuperWithSlots.test_slots_dunder_class_property_setter
  FAIL: test_slots_dunder_class_property_setter (test.test_dataclasses.TestZeroArgumentSuperWithSlots.test_slots_dunder_class_property_setter)
  AssertionError: <class 'test.test_dataclasses.TestZeroArgumentSuperWithSlots.test_slots_dunder_class_property_setter.<locals>.A'> is not <class 'test.test_dataclasses.TestZeroArgumentSuperWithSlots.test_slots_dunder_class_property_setter.<locals>.A'>

test.test_dictcomps.DictComprehensionTest.test_exception_locations
  FAIL: test_exception_locations (test.test_dictcomps.DictComprehensionTest.test_exception_locations) [<function DictComprehensionTest.test_exception_locations.<locals>.init_raises at 0x7e3a407e1e80>]
  AssertionError: 468 != 451

test.test_dictcomps.DictComprehensionTest.test_exception_locations
  FAIL: test_exception_locations (test.test_dictcomps.DictComprehensionTest.test_exception_locations) [<function DictComprehensionTest.test_exception_locations.<locals>.next_raises at 0x7e3a407e1fe0>]
  AssertionError: 507 != 490

test.test_dictcomps.DictComprehensionTest.test_exception_locations
  FAIL: test_exception_locations (test.test_dictcomps.DictComprehensionTest.test_exception_locations) [<function DictComprehensionTest.test_exception_locations.<locals>.iter_raises at 0x7e3a407e1f30>]
  AssertionError: 546 != 529

test.test_descr.ClassPropertiesAndMethods.test_special_method_lookup
  ERROR: test_special_method_lookup (test.test_descr.ClassPropertiesAndMethods.test_special_method_lookup)
  KeyError: 'self'

test.test_descr.ClassPropertiesAndMethods.test_dir
  FAIL: test_dir (test.test_descr.ClassPropertiesAndMethods.test_dir)
  AssertionError: Lists differ: ['_dp_cell_Wrapper', '_dp_cell_default_attributes', 'junk', 'self'] != ['junk', 'self']

test.test_descr.DictProxyTests.test_iter_items
  FAIL: test_iter_items (test.test_descr.DictProxyTests.test_iter_items)
  AssertionError: Lists differ: ['__annotate__', '__dict__', '__doc__', '__mo[26 chars]eth'] != ['__dict__', '__doc__', '__firstlineno__', '_[54 chars]eth']

test.test_descr.DictProxyTests.test_iter_keys
  FAIL: test_iter_keys (test.test_descr.DictProxyTests.test_iter_keys)
  AssertionError: Lists differ: ['__annotate__', '__dict__', '__doc__', '__mo[26 chars]eth'] != ['__dict__', '__doc__', '__firstlineno__', '_[54 chars]eth']

test.test_descr.DictProxyTests.test_iter_values
  FAIL: test_iter_values (test.test_descr.DictProxyTests.test_iter_values)
  AssertionError: 6 != 7

test.test_dis.BytecodeTests.test_explicit_first_line
  FAIL: test_explicit_first_line (test.test_dis.BytecodeTests.test_explicit_first_line)
  AssertionError: Lists differ: [Inst[38 chars] arg=4, argval='_dp_cell_a', argrepr='_dp_cell[10892 chars]one)] != [Inst[38 chars] arg=0, argval='a', argrepr='a', offset=0, sta[4635 chars]one)]

test.test_dis.BytecodeTests.test_from_traceback_dis
  FAIL: test_from_traceback_dis (test.test_dis.BytecodeTests.test_from_traceback_dis)
  AssertionError: '  28            RESUME                   0\n\n  29      [4162 chars]ti\n' != '  28           RESUME                   0\n\n  29       [1366 chars]ti\n'

test.test_dis.BytecodeTests.test_info
  FAIL: test_info (test.test_dis.BytecodeTests.test_info)
  AssertionError: Regex didn't match: 'Name:              tricky\nFilename:          (.*)\nArgument count:    5\nPositional-only arguments: 2\nKw-only arguments: 3\nNumber of locals:  10\nStack size:        \\d+\nFlags:             OPTIMIZED, NEWLOCALS, VARARGS, VARKEYWORDS, GENERATOR\nConstants:\n   0: <code object f at (.*), file "(.*)", line (.*)>\n   1: None\nVariable names:\n   0: a\n   1: b\n   2: x\n   3: y\n   4: z\n   5: c\n   6: d\n   7: e\n   8: args\n   9: kwds\nCell variables:\n   0: [abedfxyz]\n   1: [abedfxyz]\n   2: [abedfxyz]\n   3: [abedfxyz]\n   4: [abedfxyz]\n   5: [abedfxyz]\n   6: [abedfxyz]\n   7: [abedfxyz]' not found in 'Name:              tricky\nFilename:          /home/adam/project/diet-python/cpython/Lib/test/test_dis.py\nArgument count:    5\nPositional-only arguments: 2\nKw-only arguments: 3\nNumber of locals:  11\nStack size:        11\nFlags:             OPTIMIZED, NEWLOCALS, VARARGS, VARKEYWORDS, GENERATOR\nConstants:\n   0: <code object _dp_fn_f at 0x649cf034b740, file "/home/adam/project/diet-python/cpython/Lib/test/test_dis.py", line 1267>\n   1: \'tricky.<locals>.f\'\n   2: \'f\'\n   3: None\nNames:\n   0: __dp__\n   1: make_cell\n   2: update_fn\n   3: store_cell\n   4: load_cell\nVariable names:\n   0: a\n   1: b\n   2: x\n   3: y\n   4: z\n   5: c\n   6: d\n   7: e\n   8: args\n   9: kwds\n  10: _dp_fn_f\nCell variables:\n   0: _dp_cell_a\n   1: _dp_cell_b\n   2: _dp_cell_d\n   3: _dp_cell_e\n   4: _dp_cell_f\n   5: _dp_cell_x\n   6: _dp_cell_y\n   7: _dp_cell_z'

test.test_dis.CodeInfoTests.test_code_info
  FAIL: test_code_info (test.test_dis.CodeInfoTests.test_code_info)
  AssertionError: Regex didn't match: 'Name:              tricky\nFilename:          (.*)\nArgument count:    5\nPositional-only arguments: 2\nKw-only arguments: 3\nNumber of locals:  10\nStack size:        \\d+\nFlags:             OPTIMIZED, NEWLOCALS, VARARGS, VARKEYWORDS, GENERATOR\nConstants:\n   0: <code object f at (.*), file "(.*)", line (.*)>\n   1: None\nVariable names:\n   0: a\n   1: b\n   2: x\n   3: y\n   4: z\n   5: c\n   6: d\n   7: e\n   8: args\n   9: kwds\nCell variables:\n   0: [abedfxyz]\n   1: [abedfxyz]\n   2: [abedfxyz]\n   3: [abedfxyz]\n   4: [abedfxyz]\n   5: [abedfxyz]\n   6: [abedfxyz]\n   7: [abedfxyz]' not found in 'Name:              tricky\nFilename:          /home/adam/project/diet-python/cpython/Lib/test/test_dis.py\nArgument count:    5\nPositional-only arguments: 2\nKw-only arguments: 3\nNumber of locals:  11\nStack size:        11\nFlags:             OPTIMIZED, NEWLOCALS, VARARGS, VARKEYWORDS, GENERATOR\nConstants:\n   0: <code object _dp_fn_f at 0x649cf034b740, file "/home/adam/project/diet-python/cpython/Lib/test/test_dis.py", line 1267>\n   1: \'tricky.<locals>.f\'\n   2: \'f\'\n   3: None\nNames:\n   0: __dp__\n   1: make_cell\n   2: update_fn\n   3: store_cell\n   4: load_cell\nVariable names:\n   0: a\n   1: b\n   2: x\n   3: y\n   4: z\n   5: c\n   6: d\n   7: e\n   8: args\n   9: kwds\n  10: _dp_fn_f\nCell variables:\n   0: _dp_cell_a\n   1: _dp_cell_b\n   2: _dp_cell_d\n   3: _dp_cell_e\n   4: _dp_cell_f\n   5: _dp_cell_x\n   6: _dp_cell_y\n   7: _dp_cell_z'

test.test_dis.CodeInfoTests.test_show_code
  FAIL: test_show_code (test.test_dis.CodeInfoTests.test_show_code)
  AssertionError: Regex didn't match: 'Name:              tricky\nFilename:          (.*)\nArgument count:    5\nPositional-only arguments: 2\nKw-only arguments: 3\nNumber of locals:  10\nStack size:        \\d+\nFlags:             OPTIMIZED, NEWLOCALS, VARARGS, VARKEYWORDS, GENERATOR\nConstants:\n   0: <code object f at (.*), file "(.*)", line (.*)>\n   1: None\nVariable names:\n   0: a\n   1: b\n   2: x\n   3: y\n   4: z\n   5: c\n   6: d\n   7: e\n   8: args\n   9: kwds\nCell variables:\n   0: [abedfxyz]\n   1: [abedfxyz]\n   2: [abedfxyz]\n   3: [abedfxyz]\n   4: [abedfxyz]\n   5: [abedfxyz]\n   6: [abedfxyz]\n   7: [abedfxyz]\n' not found in 'Name:              tricky\nFilename:          /home/adam/project/diet-python/cpython/Lib/test/test_dis.py\nArgument count:    5\nPositional-only arguments: 2\nKw-only arguments: 3\nNumber of locals:  11\nStack size:        11\nFlags:             OPTIMIZED, NEWLOCALS, VARARGS, VARKEYWORDS, GENERATOR\nConstants:\n   0: <code object _dp_fn_f at 0x649cf034b740, file "/home/adam/project/diet-python/cpython/Lib/test/test_dis.py", line 1267>\n   1: \'tricky.<locals>.f\'\n   2: \'f\'\n   3: None\nNames:\n   0: __dp__\n   1: make_cell\n   2: update_fn\n   3: store_cell\n   4: load_cell\nVariable names:\n   0: a\n   1: b\n   2: x\n   3: y\n   4: z\n   5: c\n   6: d\n   7: e\n   8: args\n   9: kwds\n  10: _dp_fn_f\nCell variables:\n   0: _dp_cell_a\n   1: _dp_cell_b\n   2: _dp_cell_d\n   3: _dp_cell_e\n   4: _dp_cell_f\n   5: _dp_cell_x\n   6: _dp_cell_y\n   7: _dp_cell_z\n'

test.test_dis.DisTests.test_async_for_presentation
  FAIL: test_async_for_presentation (test.test_dis.DisTests.test_async_for_presentation)
  AssertionError: No END_ASYNC_FOR in disassembly of async for

test.test_dis.DisTests.test_big_linenos
  FAIL: test_big_linenos (test.test_dis.DisTests.test_big_linenos)
  AssertionError: 'Disassembly of f:\n  2           RESUME                   0\n\[218 chars]\n\n' != 'Disassembly of f:\n  4           RESUME                   0\n [214 chars]\n\n'

test.test_dis.DisTests.test_bug_1333982
  FAIL: test_bug_1333982 (test.test_dis.DisTests.test_bug_1333982)
  AssertionError: '112 [49 chars]     NOP\n\n114           LOAD_GLOBAL         [1955 chars]UE\n' != '112 [49 chars]     LOAD_COMMON_CONSTANT     0 (AssertionErro[472 chars] 1\n'

test.test_dis.DisTests.test_bug_708901
  FAIL: test_bug_708901 (test.test_dis.DisTests.test_bug_708901)
  AssertionError: ' 98 [54 chars]LOAD_CONST               0 (False)\n          [2079 chars]UE\n' != ' 98 [54 chars]LOAD_GLOBAL              1 (range + NULL)\n   [423 chars]UE\n'

test.test_dis.DisTests.test_dis_with_all_positions
  FAIL: test_dis_with_all_positions (test.test_dis.DisTests.test_dis_with_all_positions)
  AssertionError: '88:0[14 chars]     RESUME                   0\n\n89:4-89:9  [279 chars]UE\n' != '88:0[14 chars]       RESUME                   0\n\n89:4-89:9[293 chars]UE\n'

test.test_dis.DisTests.test_disassemble_asyncwith
  FAIL: test_disassemble_asyncwith (test.test_dis.DisTests.test_disassemble_asyncwith)
  AssertionError: ' 198[117 chars]LOAD_GLOBAL              0 (__dp__)\n         [5691 chars]ti\n' != ' 198[117 chars]LOAD_FAST                0 (c)\n              [3090 chars]ti\n'

test.test_dis.DisTests.test_disassemble_class
  FAIL: test_disassemble_class (test.test_dis.DisTests.test_disassemble_class)
  AssertionError: "Disassembly of __init__:\n 62           [1710 chars]\n\n" != 'Disassembly of __init__:\n 62           [1031 chars]\n\n'

test.test_dis.DisTests.test_disassemble_class_method
  FAIL: test_disassemble_class_method (test.test_dis.DisTests.test_disassemble_class_method)
  AssertionError: " 74           RESUME                   0[593 chars]UE\n" != ' 74           RESUME                   0[306 chars]UE\n'

test.test_dis.DisTests.test_disassemble_fstring
  FAIL: test_disassemble_fstring (test.test_dis.DisTests.test_disassemble_fstring)
  AssertionError: "174 [54 chars]LOAD_CONST               0 ('')\n             [1830 chars]UE\n" != "174 [54 chars]LOAD_FAST_BORROW         0 (a)\n              [650 chars]UE\n"

test.test_dis.DisTests.test_disassemble_instance_method
  FAIL: test_disassemble_instance_method (test.test_dis.DisTests.test_disassemble_instance_method)
  AssertionError: " 62           RESUME                   0[594 chars]UE\n" != ' 62           RESUME                   0[307 chars]UE\n'

test.test_dis.DisTests.test_disassemble_instance_method_bytes
  FAIL: test_disassemble_instance_method_bytes (test.test_dis.DisTests.test_disassemble_instance_method_bytes)
  AssertionError: '    [44 chars]LOAD_GLOBAL              0\n          LOAD_ATT[401 chars]UE\n' != '    [44 chars]LOAD_FAST_BORROW         1\n          LOAD_SMA[197 chars]UE\n'

test.test_dis.DisTests.test_disassemble_recursive
  FAIL: test_disassemble_recursive (test.test_dis.DisTests.test_disassemble_recursive)
  AssertionError: '  --[31 chars]     3 (_dp_cell_y)\n\n 259           RESUME  [1287 chars]UE\n' != '  --[31 chars]     0 (y)\n\n 259           RESUME           [461 chars]UE\n'

test.test_dis.DisTests.test_disassemble_static_method
  FAIL: test_disassemble_static_method (test.test_dis.DisTests.test_disassemble_static_method)
  AssertionError: ' 68 [36 chars]\n\n 69           LOAD_GLOBAL              0 ([317 chars]UE\n' != ' 68 [36 chars]\n\n 70           LOAD_FAST_BORROW         0 ([212 chars]UE\n'

test.test_dis.DisTests.test_disassemble_with
  FAIL: test_disassemble_with (test.test_dis.DisTests.test_disassemble_with)
  AssertionError: ' 180[56 chars]LOAD_GLOBAL              0 (__dp__)\n         [3162 chars]ti\n' != ' 180[56 chars]LOAD_FAST_BORROW         0 (c)\n              [1461 chars]ti\n'

test.test_dis.DisTests.test_extended_arg_quick
  FAIL: test_extended_arg_quick (test.test_dis.DisTests.test_extended_arg_quick)
  AssertionError: '315 [54 chars]LOAD_GLOBAL              0 (__dp__)\n         [1093 chars]UE\n' != '315 [54 chars]LOAD_CONST               0 (Ellipsis)\n       [219 chars]UE\n'

test.test_dis.DisTests.test_loop_quicken
  FAIL: test_loop_quicken (test.test_dis.DisTests.test_loop_quicken)
  AssertionError: '300 [49 chars]     LOAD_CONST_IMMORTAL      0 (False)\n     [2495 chars]UE\n' != '300 [49 chars]     BUILD_LIST               0\n             [637 chars]UE\n'

test.test_dis.DisTests.test_loop_with_conditional_at_end_is_quickened
  FAIL: test_loop_with_conditional_at_end_is_quickened (test.test_dis.DisTests.test_loop_with_conditional_at_end_is_quickened)
  AssertionError: 'FOR_ITER_RANGE' not found in '  --           COPY_FREE_VARS           1\n\n1050           RESUME_CHECK             0\n\n1051           LOAD_CONST_IMMORTAL      0 (False)\n               STORE_FAST               1 (_dp_completed_110)\n\n1052           LOAD_GLOBAL              0 (__dp__)\n               LOAD_ATTR                3 (iter + NULL|self)\n               LOAD_GLOBAL              5 (range + NULL)\n               LOAD_GLOBAL              0 (__dp__)\n               LOAD_ATTR                7 (load_cell + NULL|self)\n               LOAD_DEREF               5 (_dp_cell__testinternalcapi)\n               CALL                     1\n               LOAD_ATTR                8 (SPECIALIZATION_THRESHOLD)\n               CALL                     1\n               CALL                     1\n               STORE_FAST               2 (_dp_iter_108)\n\n1053   L1:     LOAD_GLOBAL_MODULE       0 (__dp__)\n               LOAD_ATTR_MODULE        11 (not_ + NULL|self)\n               LOAD_FAST_BORROW         1 (_dp_completed_110)\n               CALL_BUILTIN_O           1\n               TO_BOOL_BOOL\n               POP_JUMP_IF_FALSE       93 (to L3)\n               NOT_TAKEN\n\n1054           LOAD_GLOBAL_MODULE       0 (__dp__)\n               LOAD_ATTR_MODULE        13 (next_or_sentinel + NULL|self)\n               LOAD_FAST_BORROW         2 (_dp_iter_108)\n               CALL_PY_EXACT_ARGS       1\n               STORE_FAST               3 (_dp_tmp_109)\n\n1055           LOAD_GLOBAL_MODULE       0 (__dp__)\n               LOAD_ATTR_MODULE        15 (is_ + NULL|self)\n               LOAD_FAST_BORROW         3 (_dp_tmp_109)\n               LOAD_GLOBAL_MODULE       0 (__dp__)\n               LOAD_ATTR_MODULE        16 (ITER_COMPLETE)\n               CALL_BUILTIN_FAST        2\n               TO_BOOL_BOOL\n               POP_JUMP_IF_FALSE        5 (to L2)\n               NOT_TAKEN\n\n1056           LOAD_CONST_IMMORTAL      1 (True)\n               STORE_FAST               1 (_dp_completed_110)\n               JUMP_BACKWARD_NO_JIT    94 (to L1)\n\n1058   L2:     LOAD_FAST                3 (_dp_tmp_109)\n               STORE_FAST               4 (_)\n\n1059           LOAD_GLOBAL_MODULE       0 (__dp__)\n               LOAD_ATTR_MODULE        19 (truth + NULL|self)\n               LOAD_FAST_BORROW         0 (x)\n               CALL_PY_EXACT_ARGS       1\n               POP_TOP\n               JUMP_BACKWARD_NO_JIT   119 (to L1)\n\n1060   L3:     LOAD_GLOBAL              0 (__dp__)\n               LOAD_ATTR               19 (truth + NULL|self)\n               LOAD_FAST_BORROW         1 (_dp_completed_110)\n               CALL                     1\n               POP_TOP\n               LOAD_CONST_IMMORTAL      2 (None)\n               RETURN_VALUE\n'

test.test_dis.DisTests.test_show_caches
  FAIL: test_show_caches (test.test_dis.DisTests.test_show_caches) [quickened=False, adaptive=False]
  AssertionError: 50 != 7

test.test_dis.DisTests.test_show_caches
  FAIL: test_show_caches (test.test_dis.DisTests.test_show_caches) [quickened=False, adaptive=True]
  AssertionError: 50 != 7

test.test_dis.DisTests.test_show_caches
  FAIL: test_show_caches (test.test_dis.DisTests.test_show_caches) [quickened=True, adaptive=False]
  AssertionError: 50 != 7

test.test_dis.DisTests.test_show_caches
  FAIL: test_show_caches (test.test_dis.DisTests.test_show_caches) [quickened=True, adaptive=True]
  AssertionError: 50 != 7

test.test_dis.DisTests.test_super_instructions
  FAIL: test_super_instructions (test.test_dis.DisTests.test_super_instructions)
  AssertionError: '291 [54 chars]LOAD_GLOBAL_MODULE       0 (__dp__)\n         [1039 chars]UE\n' != '291 [54 chars]LOAD_FAST_LOAD_FAST      1 (x, y)\n           [165 chars]UE\n'

test.test_dis.DisWithFileTests.test_async_for_presentation
  FAIL: test_async_for_presentation (test.test_dis.DisWithFileTests.test_async_for_presentation)
  AssertionError: No END_ASYNC_FOR in disassembly of async for

test.test_dis.DisWithFileTests.test_big_linenos
  FAIL: test_big_linenos (test.test_dis.DisWithFileTests.test_big_linenos)
  AssertionError: 'Disassembly of f:\n  2           RESUME                   0\n\[218 chars]\n\n' != 'Disassembly of f:\n  4           RESUME                   0\n [214 chars]\n\n'

test.test_dis.DisWithFileTests.test_bug_1333982
  FAIL: test_bug_1333982 (test.test_dis.DisWithFileTests.test_bug_1333982)
  AssertionError: '112 [49 chars]     NOP\n\n114           LOAD_GLOBAL         [1955 chars]UE\n' != '112 [49 chars]     LOAD_COMMON_CONSTANT     0 (AssertionErro[472 chars] 1\n'

test.test_dis.DisWithFileTests.test_bug_708901
  FAIL: test_bug_708901 (test.test_dis.DisWithFileTests.test_bug_708901)
  AssertionError: ' 98 [54 chars]LOAD_CONST               0 (False)\n          [2079 chars]UE\n' != ' 98 [54 chars]LOAD_GLOBAL              1 (range + NULL)\n   [423 chars]UE\n'

test.test_dis.DisWithFileTests.test_dis_with_all_positions
  FAIL: test_dis_with_all_positions (test.test_dis.DisWithFileTests.test_dis_with_all_positions)
  AssertionError: '88:0[14 chars]     RESUME                   0\n\n89:4-89:9  [279 chars]UE\n' != '88:0[14 chars]       RESUME                   0\n\n89:4-89:9[293 chars]UE\n'

test.test_dis.DisWithFileTests.test_disassemble_asyncwith
  FAIL: test_disassemble_asyncwith (test.test_dis.DisWithFileTests.test_disassemble_asyncwith)
  AssertionError: ' 198[117 chars]LOAD_GLOBAL              0 (__dp__)\n         [5691 chars]ti\n' != ' 198[117 chars]LOAD_FAST                0 (c)\n              [3090 chars]ti\n'

test.test_dis.DisWithFileTests.test_disassemble_class
  FAIL: test_disassemble_class (test.test_dis.DisWithFileTests.test_disassemble_class)
  AssertionError: "Disassembly of __init__:\n 62           [1710 chars]\n\n" != 'Disassembly of __init__:\n 62           [1031 chars]\n\n'

test.test_dis.DisWithFileTests.test_disassemble_class_method
  FAIL: test_disassemble_class_method (test.test_dis.DisWithFileTests.test_disassemble_class_method)
  AssertionError: " 74           RESUME                   0[593 chars]UE\n" != ' 74           RESUME                   0[306 chars]UE\n'

test.test_dis.DisWithFileTests.test_disassemble_fstring
  FAIL: test_disassemble_fstring (test.test_dis.DisWithFileTests.test_disassemble_fstring)
  AssertionError: "174 [54 chars]LOAD_CONST               0 ('')\n             [1830 chars]UE\n" != "174 [54 chars]LOAD_FAST_BORROW         0 (a)\n              [650 chars]UE\n"

test.test_dis.DisWithFileTests.test_disassemble_instance_method
  FAIL: test_disassemble_instance_method (test.test_dis.DisWithFileTests.test_disassemble_instance_method)
  AssertionError: " 62           RESUME                   0[594 chars]UE\n" != ' 62           RESUME                   0[307 chars]UE\n'

test.test_dis.DisWithFileTests.test_disassemble_instance_method_bytes
  FAIL: test_disassemble_instance_method_bytes (test.test_dis.DisWithFileTests.test_disassemble_instance_method_bytes)
  AssertionError: '    [44 chars]LOAD_GLOBAL              0\n          LOAD_ATT[401 chars]UE\n' != '    [44 chars]LOAD_FAST_BORROW         1\n          LOAD_SMA[197 chars]UE\n'

test.test_dis.DisWithFileTests.test_disassemble_recursive
  FAIL: test_disassemble_recursive (test.test_dis.DisWithFileTests.test_disassemble_recursive)
  AssertionError: '  --[31 chars]     3 (_dp_cell_y)\n\n 259           RESUME  [1287 chars]UE\n' != '  --[31 chars]     0 (y)\n\n 259           RESUME           [461 chars]UE\n'

test.test_dis.DisWithFileTests.test_disassemble_static_method
  FAIL: test_disassemble_static_method (test.test_dis.DisWithFileTests.test_disassemble_static_method)
  AssertionError: ' 68 [36 chars]\n\n 69           LOAD_GLOBAL              0 ([317 chars]UE\n' != ' 68 [36 chars]\n\n 70           LOAD_FAST_BORROW         0 ([212 chars]UE\n'

test.test_dis.DisWithFileTests.test_disassemble_with
  FAIL: test_disassemble_with (test.test_dis.DisWithFileTests.test_disassemble_with)
  AssertionError: ' 180[56 chars]LOAD_GLOBAL              0 (__dp__)\n         [3162 chars]ti\n' != ' 180[56 chars]LOAD_FAST_BORROW         0 (c)\n              [1461 chars]ti\n'

test.test_dis.DisWithFileTests.test_extended_arg_quick
  FAIL: test_extended_arg_quick (test.test_dis.DisWithFileTests.test_extended_arg_quick)
  AssertionError: '315 [54 chars]LOAD_GLOBAL              0 (__dp__)\n         [1093 chars]UE\n' != '315 [54 chars]LOAD_CONST               0 (Ellipsis)\n       [219 chars]UE\n'

test.test_dis.DisWithFileTests.test_loop_quicken
  FAIL: test_loop_quicken (test.test_dis.DisWithFileTests.test_loop_quicken)
  AssertionError: '300 [49 chars]     LOAD_CONST_IMMORTAL      0 (False)\n     [2495 chars]UE\n' != '300 [49 chars]     BUILD_LIST               0\n             [637 chars]UE\n'

test.test_dis.DisWithFileTests.test_loop_with_conditional_at_end_is_quickened
  FAIL: test_loop_with_conditional_at_end_is_quickened (test.test_dis.DisWithFileTests.test_loop_with_conditional_at_end_is_quickened)
  AssertionError: 'FOR_ITER_RANGE' not found in '  --           COPY_FREE_VARS           1\n\n1050           RESUME_CHECK             0\n\n1051           LOAD_CONST_IMMORTAL      0 (False)\n               STORE_FAST               1 (_dp_completed_110)\n\n1052           LOAD_GLOBAL              0 (__dp__)\n               LOAD_ATTR                3 (iter + NULL|self)\n               LOAD_GLOBAL              5 (range + NULL)\n               LOAD_GLOBAL              0 (__dp__)\n               LOAD_ATTR                7 (load_cell + NULL|self)\n               LOAD_DEREF               5 (_dp_cell__testinternalcapi)\n               CALL                     1\n               LOAD_ATTR                8 (SPECIALIZATION_THRESHOLD)\n               CALL                     1\n               CALL                     1\n               STORE_FAST               2 (_dp_iter_108)\n\n1053   L1:     LOAD_GLOBAL_MODULE       0 (__dp__)\n               LOAD_ATTR_MODULE        11 (not_ + NULL|self)\n               LOAD_FAST_BORROW         1 (_dp_completed_110)\n               CALL_BUILTIN_O           1\n               TO_BOOL_BOOL\n               POP_JUMP_IF_FALSE       93 (to L3)\n               NOT_TAKEN\n\n1054           LOAD_GLOBAL_MODULE       0 (__dp__)\n               LOAD_ATTR_MODULE        13 (next_or_sentinel + NULL|self)\n               LOAD_FAST_BORROW         2 (_dp_iter_108)\n               CALL_PY_EXACT_ARGS       1\n               STORE_FAST               3 (_dp_tmp_109)\n\n1055           LOAD_GLOBAL_MODULE       0 (__dp__)\n               LOAD_ATTR_MODULE        15 (is_ + NULL|self)\n               LOAD_FAST_BORROW         3 (_dp_tmp_109)\n               LOAD_GLOBAL_MODULE       0 (__dp__)\n               LOAD_ATTR_MODULE        16 (ITER_COMPLETE)\n               CALL_BUILTIN_FAST        2\n               TO_BOOL_BOOL\n               POP_JUMP_IF_FALSE        5 (to L2)\n               NOT_TAKEN\n\n1056           LOAD_CONST_IMMORTAL      1 (True)\n               STORE_FAST               1 (_dp_completed_110)\n               JUMP_BACKWARD_NO_JIT    94 (to L1)\n\n1058   L2:     LOAD_FAST                3 (_dp_tmp_109)\n               STORE_FAST               4 (_)\n\n1059           LOAD_GLOBAL_MODULE       0 (__dp__)\n               LOAD_ATTR_MODULE        19 (truth + NULL|self)\n               LOAD_FAST_BORROW         0 (x)\n               CALL_PY_EXACT_ARGS       1\n               POP_TOP\n               JUMP_BACKWARD_NO_JIT   119 (to L1)\n\n1060   L3:     LOAD_GLOBAL              0 (__dp__)\n               LOAD_ATTR               19 (truth + NULL|self)\n               LOAD_FAST_BORROW         1 (_dp_completed_110)\n               CALL                     1\n               POP_TOP\n               LOAD_CONST_IMMORTAL      2 (None)\n               RETURN_VALUE\n'

test.test_dis.DisWithFileTests.test_show_caches
  FAIL: test_show_caches (test.test_dis.DisWithFileTests.test_show_caches) [quickened=False, adaptive=False]
  AssertionError: 50 != 7

test.test_dis.DisWithFileTests.test_show_caches
  FAIL: test_show_caches (test.test_dis.DisWithFileTests.test_show_caches) [quickened=False, adaptive=True]
  AssertionError: 50 != 7

test.test_dis.DisWithFileTests.test_show_caches
  FAIL: test_show_caches (test.test_dis.DisWithFileTests.test_show_caches) [quickened=True, adaptive=False]
  AssertionError: 50 != 7

test.test_dis.DisWithFileTests.test_show_caches
  FAIL: test_show_caches (test.test_dis.DisWithFileTests.test_show_caches) [quickened=True, adaptive=True]
  AssertionError: 50 != 7

test.test_dis.DisWithFileTests.test_super_instructions
  FAIL: test_super_instructions (test.test_dis.DisWithFileTests.test_super_instructions)
  AssertionError: '291 [54 chars]LOAD_GLOBAL_MODULE       0 (__dp__)\n         [1039 chars]UE\n' != '291 [54 chars]LOAD_FAST_LOAD_FAST      1 (x, y)\n           [165 chars]UE\n'

test.test_dis.InstructionTests.test_default_first_line
  FAIL: test_default_first_line (test.test_dis.InstructionTests.test_default_first_line)
  AssertionError: Lists differ: [Inst[287 chars]line=True, line_number=1508, label=None, posit[213 chars]one)] != [Inst[287 chars]line=False, line_number=1507, label=None, posi[214 chars]one)]

test.test_dis.InstructionTests.test_doubly_nested
  FAIL: test_doubly_nested (test.test_dis.InstructionTests.test_doubly_nested)
  AssertionError: Lists differ: [Inst[302 chars]mber=9, label=None, positions=None, cache_info[4330 chars]one)] != [Inst[302 chars]mber=3, label=None, positions=None, cache_info[1888 chars]one)]

test.test_dis.InstructionTests.test_first_line_set_to_None
  FAIL: test_first_line_set_to_None (test.test_dis.InstructionTests.test_first_line_set_to_None)
  AssertionError: Lists differ: [Inst[287 chars]line=True, line_number=1508, label=None, posit[213 chars]one)] != [Inst[287 chars]line=False, line_number=1507, label=None, posi[214 chars]one)]

test.test_dis.InstructionTests.test_jumpy
  FAIL: test_jumpy (test.test_dis.InstructionTests.test_jumpy)
  AssertionError: Lists differ: [Inst[191 chars]LOAD_CONST', opcode=82, arg=0, argval=False, a[41120 chars]one)] != [Inst[191 chars]LOAD_GLOBAL', opcode=92, arg=1, argval='range'[24221 chars]one)]

test.test_dis.InstructionTests.test_nested
  FAIL: test_nested (test.test_dis.InstructionTests.test_nested)
  AssertionError: Lists differ: [Inst[223 chars] arg=4, argval='_dp_cell_c', argrepr='_dp_cell[11064 chars]one)] != [Inst[223 chars] arg=0, argval='c', argrepr='c', offset=2, sta[4472 chars]one)]

test.test_dis.InstructionTests.test_outer
  FAIL: test_outer (test.test_dis.InstructionTests.test_outer)
  AssertionError: Lists differ: [Inst[38 chars] arg=4, argval='_dp_cell_a', argrepr='_dp_cell[10892 chars]one)] != [Inst[38 chars] arg=0, argval='a', argrepr='a', offset=0, sta[4635 chars]one)]

test.test_dis.TestDisTraceback.test_distb_explicit_arg
  FAIL: test_distb_explicit_arg (test.test_dis.TestDisTraceback.test_distb_explicit_arg)
  AssertionError: '  28            RESUME                   0\n\n  29      [4162 chars]ti\n' != '  28           RESUME                   0\n\n  29       [1366 chars]ti\n'

test.test_dis.TestDisTraceback.test_distb_last_traceback
  FAIL: test_distb_last_traceback (test.test_dis.TestDisTraceback.test_distb_last_traceback)
  AssertionError: '  28            RESUME                   0\n\n  29      [4162 chars]ti\n' != '  28           RESUME                   0\n\n  29       [1366 chars]ti\n'

test.test_dis.TestDisTracebackWithFile.test_distb_explicit_arg
  FAIL: test_distb_explicit_arg (test.test_dis.TestDisTracebackWithFile.test_distb_explicit_arg)
  AssertionError: '  28            RESUME                   0\n\n  29      [4162 chars]ti\n' != '  28           RESUME                   0\n\n  29       [1366 chars]ti\n'

test.test_dis.TestDisTracebackWithFile.test_distb_last_traceback
  FAIL: test_distb_last_traceback (test.test_dis.TestDisTracebackWithFile.test_distb_last_traceback)
  AssertionError: '  28            RESUME                   0\n\n  29      [4162 chars]ti\n' != '  28           RESUME                   0\n\n  29       [1366 chars]ti\n'

test.test_dis.TestFinderMethods.test_findlabels
  FAIL: test_findlabels (test.test_dis.TestFinderMethods.test_findlabels)
  AssertionError: Lists differ: [66, 254, 340, 400, 402, 440, 582, 642, 644, 666, 824, 884, 888, 1074, 1216] != [24, 70, 88, 92, 118, 192, 210, 212, 234, 314, 360, 426]

test.test_decimal.PyWhitebox.test_py_immutability_operations
  ERROR: test_py_immutability_operations (test.test_decimal.PyWhitebox.test_py_immutability_operations)
  NameError: name 'd1' is not defined

test.test_doctest.test_doctest.test_DocTestFinder
  FAIL: basics (test.test_doctest.test_doctest.test_DocTestFinder)
  AssertionError: Failed doctest test for test.test_doctest.test_doctest.test_DocTestFinder.basics

test.test_doctest.test_doctest
  FAIL: test_DocTestSuite_errors (test.test_doctest.test_doctest)
  AssertionError: Failed doctest test for test.test_doctest.test_doctest.test_DocTestSuite_errors

test.test_doctest.test_doctest
  FAIL: test_debug (test.test_doctest.test_doctest)
  AssertionError: Failed doctest test for test.test_doctest.test_doctest.test_debug

test.test_doctest.test_doctest
  FAIL: test_testmod_errors (test.test_doctest.test_doctest)
  AssertionError: Failed doctest test for test.test_doctest.test_doctest.test_testmod_errors

test.test_doctest.test_doctest
  FAIL: test_testsource (test.test_doctest.test_doctest)
  AssertionError: Failed doctest test for test.test_doctest.test_doctest.test_testsource

test.test_doctest.test_doctest2.Test.test_testmod
  FAIL: test_testmod (test.test_doctest.test_doctest2.Test.test_testmod)
  AssertionError: expected 19 tests to run, not 17

test.test_exception_group.ExceptionGroupFields.test_basics_ExceptionGroup_fields
  FAIL: test_basics_ExceptionGroup_fields (test.test_exception_group.ExceptionGroupFields.test_basics_ExceptionGroup_fields)
  AssertionError: 527 != 452

test.test_exception_group.NestedExceptionGroupBasicsTest.test_iteration_full_tracebacks
  FAIL: test_iteration_full_tracebacks (test.test_exception_group.NestedExceptionGroupBasicsTest.test_iteration_full_tracebacks)
  AssertionError: Sequences differ: [1256, 1196, 1191] != [1206, 1193, 1191]

test.test_exception_group.NestedExceptionGroupBasicsTest.test_nested_exception_group_tracebacks
  FAIL: test_nested_exception_group_tracebacks (test.test_exception_group.NestedExceptionGroupBasicsTest.test_nested_exception_group_tracebacks)
  AssertionError: 1256 != 1206

